{"meta": {"format": 3, "version": "7.8.2", "timestamp": "2025-06-04T04:20:08.070425", "branch_coverage": false, "show_contexts": false}, "files": {"src/tau_translator_omega/core_engine/ast/ast_nodes.py": {"executed_lines": [1, 2, 4, 5, 6, 7, 9, 10, 11, 12, 14, 16, 17, 24, 25, 26, 27, 29, 31, 32, 34, 35, 36, 37, 39, 41, 42, 44, 45, 46, 47, 49, 50, 51, 52, 53, 54, 56, 58, 59, 60, 63, 64, 65, 68, 69, 70, 71, 72, 73, 75, 76, 77, 78, 79, 81, 83, 84, 85, 86, 89, 90, 92, 93, 94, 95, 96, 98, 99, 100, 101, 104, 105, 107, 108, 109, 111, 112, 113, 114, 115, 116, 118, 120, 121, 122, 123, 124, 125], "summary": {"covered_lines": 79, "num_statements": 79, "percent_covered": 100.0, "percent_covered_display": "100", "missing_lines": 0, "excluded_lines": 0}, "missing_lines": [], "excluded_lines": [], "functions": {"IdentifierNode.__post_init__": {"executed_lines": [16, 17], "summary": {"covered_lines": 2, "num_statements": 2, "percent_covered": 100.0, "percent_covered_display": "100", "missing_lines": 0, "excluded_lines": 0}, "missing_lines": [], "excluded_lines": []}, "BooleanLiteralNode.__post_init__": {"executed_lines": [31, 32], "summary": {"covered_lines": 2, "num_statements": 2, "percent_covered": 100.0, "percent_covered_display": "100", "missing_lines": 0, "excluded_lines": 0}, "missing_lines": [], "excluded_lines": []}, "NumberLiteralNode.__post_init__": {"executed_lines": [41, 42], "summary": {"covered_lines": 2, "num_statements": 2, "percent_covered": 100.0, "percent_covered_display": "100", "missing_lines": 0, "excluded_lines": 0}, "missing_lines": [], "excluded_lines": []}, "StreamVariableNode.__post_init__": {"executed_lines": [58, 59, 60, 63, 64, 65], "summary": {"covered_lines": 6, "num_statements": 6, "percent_covered": 100.0, "percent_covered_display": "100", "missing_lines": 0, "excluded_lines": 0}, "missing_lines": [], "excluded_lines": []}, "UnaryOpNode.__post_init__": {"executed_lines": [83, 84, 85, 86], "summary": {"covered_lines": 4, "num_statements": 4, "percent_covered": 100.0, "percent_covered_display": "100", "missing_lines": 0, "excluded_lines": 0}, "missing_lines": [], "excluded_lines": []}, "BinaryOpNode.__post_init__": {"executed_lines": [120, 121, 122, 123, 124, 125], "summary": {"covered_lines": 6, "num_statements": 6, "percent_covered": 100.0, "percent_covered_display": "100", "missing_lines": 0, "excluded_lines": 0}, "missing_lines": [], "excluded_lines": []}, "": {"executed_lines": [1, 2, 4, 5, 6, 7, 9, 10, 11, 12, 14, 24, 25, 26, 27, 29, 34, 35, 36, 37, 39, 44, 45, 46, 47, 49, 50, 51, 52, 53, 54, 56, 68, 69, 70, 71, 72, 73, 75, 76, 77, 78, 79, 81, 89, 90, 92, 93, 94, 95, 96, 98, 99, 100, 101, 104, 105, 107, 108, 109, 111, 112, 113, 114, 115, 116, 118], "summary": {"covered_lines": 57, "num_statements": 57, "percent_covered": 100.0, "percent_covered_display": "100", "missing_lines": 0, "excluded_lines": 0}, "missing_lines": [], "excluded_lines": []}}, "classes": {"ASTNode": {"executed_lines": [], "summary": {"covered_lines": 0, "num_statements": 0, "percent_covered": 100.0, "percent_covered_display": "100", "missing_lines": 0, "excluded_lines": 0}, "missing_lines": [], "excluded_lines": []}, "IdentifierNode": {"executed_lines": [16, 17], "summary": {"covered_lines": 2, "num_statements": 2, "percent_covered": 100.0, "percent_covered_display": "100", "missing_lines": 0, "excluded_lines": 0}, "missing_lines": [], "excluded_lines": []}, "BooleanLiteralNode": {"executed_lines": [31, 32], "summary": {"covered_lines": 2, "num_statements": 2, "percent_covered": 100.0, "percent_covered_display": "100", "missing_lines": 0, "excluded_lines": 0}, "missing_lines": [], "excluded_lines": []}, "NumberLiteralNode": {"executed_lines": [41, 42], "summary": {"covered_lines": 2, "num_statements": 2, "percent_covered": 100.0, "percent_covered_display": "100", "missing_lines": 0, "excluded_lines": 0}, "missing_lines": [], "excluded_lines": []}, "StreamTypeEnum": {"executed_lines": [], "summary": {"covered_lines": 0, "num_statements": 0, "percent_covered": 100.0, "percent_covered_display": "100", "missing_lines": 0, "excluded_lines": 0}, "missing_lines": [], "excluded_lines": []}, "StreamVariableNode": {"executed_lines": [58, 59, 60, 63, 64, 65], "summary": {"covered_lines": 6, "num_statements": 6, "percent_covered": 100.0, "percent_covered_display": "100", "missing_lines": 0, "excluded_lines": 0}, "missing_lines": [], "excluded_lines": []}, "UnaryOperatorEnum": {"executed_lines": [], "summary": {"covered_lines": 0, "num_statements": 0, "percent_covered": 100.0, "percent_covered_display": "100", "missing_lines": 0, "excluded_lines": 0}, "missing_lines": [], "excluded_lines": []}, "UnaryOpNode": {"executed_lines": [83, 84, 85, 86], "summary": {"covered_lines": 4, "num_statements": 4, "percent_covered": 100.0, "percent_covered_display": "100", "missing_lines": 0, "excluded_lines": 0}, "missing_lines": [], "excluded_lines": []}, "BinaryOperatorEnum": {"executed_lines": [], "summary": {"covered_lines": 0, "num_statements": 0, "percent_covered": 100.0, "percent_covered_display": "100", "missing_lines": 0, "excluded_lines": 0}, "missing_lines": [], "excluded_lines": []}, "BinaryOpNode": {"executed_lines": [120, 121, 122, 123, 124, 125], "summary": {"covered_lines": 6, "num_statements": 6, "percent_covered": 100.0, "percent_covered_display": "100", "missing_lines": 0, "excluded_lines": 0}, "missing_lines": [], "excluded_lines": []}, "": {"executed_lines": [1, 2, 4, 5, 6, 7, 9, 10, 11, 12, 14, 24, 25, 26, 27, 29, 34, 35, 36, 37, 39, 44, 45, 46, 47, 49, 50, 51, 52, 53, 54, 56, 68, 69, 70, 71, 72, 73, 75, 76, 77, 78, 79, 81, 89, 90, 92, 93, 94, 95, 96, 98, 99, 100, 101, 104, 105, 107, 108, 109, 111, 112, 113, 114, 115, 116, 118], "summary": {"covered_lines": 57, "num_statements": 57, "percent_covered": 100.0, "percent_covered_display": "100", "missing_lines": 0, "excluded_lines": 0}, "missing_lines": [], "excluded_lines": []}}}, "src/tau_translator_omega/core_engine/ast_nodes.py": {"executed_lines": [], "summary": {"covered_lines": 0, "num_statements": 141, "percent_covered": 0.0, "percent_covered_display": "0", "missing_lines": 141, "excluded_lines": 131}, "missing_lines": [6, 7, 10, 11, 13, 14, 15, 16, 17, 18, 21, 24, 25, 34, 36, 37, 38, 44, 46, 47, 48, 57, 59, 60, 61, 62, 63, 74, 76, 77, 78, 79, 89, 91, 92, 93, 99, 101, 106, 107, 108, 109, 121, 123, 129, 130, 131, 132, 133, 143, 145, 149, 150, 151, 160, 162, 167, 168, 169, 170, 182, 184, 188, 189, 190, 199, 201, 207, 208, 209, 210, 211, 221, 223, 227, 228, 229, 238, 240, 243, 244, 254, 256, 261, 262, 263, 264, 274, 276, 282, 283, 284, 285, 286, 296, 298, 303, 304, 305, 306, 316, 318, 322, 323, 324, 333, 335, 339, 340, 341, 352, 356, 360, 361, 362, 371, 375, 379, 380, 383, 394, 398, 401, 402, 412, 414, 419, 420, 421, 422, 432, 434, 437, 438, 446, 448, 454, 455, 456, 457, 458], "excluded_lines": [27, 28, 40, 41, 50, 51, 52, 53, 54, 65, 66, 67, 68, 69, 70, 71, 81, 82, 83, 84, 85, 86, 95, 96, 111, 112, 113, 114, 115, 116, 117, 118, 135, 136, 137, 138, 139, 140, 153, 154, 155, 156, 157, 172, 173, 174, 175, 176, 177, 192, 193, 194, 195, 196, 213, 214, 215, 216, 217, 218, 231, 232, 233, 234, 235, 246, 247, 248, 249, 266, 267, 268, 269, 270, 271, 288, 289, 290, 291, 292, 293, 308, 309, 310, 311, 312, 313, 326, 327, 328, 329, 330, 343, 344, 345, 346, 347, 364, 365, 366, 367, 368, 385, 386, 387, 388, 389, 390, 391, 404, 405, 406, 407, 424, 425, 426, 427, 428, 429, 440, 441, 442, 443, 460, 461, 462, 463, 464, 465, 466, 467], "functions": {"ASTNode.__init__": {"executed_lines": [], "summary": {"covered_lines": 0, "num_statements": 1, "percent_covered": 0.0, "percent_covered_display": "0", "missing_lines": 1, "excluded_lines": 0}, "missing_lines": [25], "excluded_lines": []}, "ASTNode.__repr__": {"executed_lines": [], "summary": {"covered_lines": 0, "num_statements": 0, "percent_covered": 100.0, "percent_covered_display": "100", "missing_lines": 0, "excluded_lines": 1}, "missing_lines": [], "excluded_lines": [28]}, "IdentifierNode.__init__": {"executed_lines": [], "summary": {"covered_lines": 0, "num_statements": 2, "percent_covered": 0.0, "percent_covered_display": "0", "missing_lines": 2, "excluded_lines": 0}, "missing_lines": [37, 38], "excluded_lines": []}, "IdentifierNode.__repr__": {"executed_lines": [], "summary": {"covered_lines": 0, "num_statements": 0, "percent_covered": 100.0, "percent_covered_display": "100", "missing_lines": 0, "excluded_lines": 1}, "missing_lines": [], "excluded_lines": [41]}, "LiteralNode.__init__": {"executed_lines": [], "summary": {"covered_lines": 0, "num_statements": 2, "percent_covered": 0.0, "percent_covered_display": "0", "missing_lines": 2, "excluded_lines": 0}, "missing_lines": [47, 48], "excluded_lines": []}, "LiteralNode.__repr__": {"executed_lines": [], "summary": {"covered_lines": 0, "num_statements": 0, "percent_covered": 100.0, "percent_covered_display": "100", "missing_lines": 0, "excluded_lines": 3}, "missing_lines": [], "excluded_lines": [52, 53, 54]}, "BinaryExpressionNode.__init__": {"executed_lines": [], "summary": {"covered_lines": 0, "num_statements": 4, "percent_covered": 0.0, "percent_covered_display": "0", "missing_lines": 4, "excluded_lines": 0}, "missing_lines": [60, 61, 62, 63], "excluded_lines": []}, "BinaryExpressionNode.__repr__": {"executed_lines": [], "summary": {"covered_lines": 0, "num_statements": 0, "percent_covered": 100.0, "percent_covered_display": "100", "missing_lines": 0, "excluded_lines": 6}, "missing_lines": [], "excluded_lines": [66, 67, 68, 69, 70, 71]}, "UnaryExpressionNode.__init__": {"executed_lines": [], "summary": {"covered_lines": 0, "num_statements": 3, "percent_covered": 0.0, "percent_covered_display": "0", "missing_lines": 3, "excluded_lines": 0}, "missing_lines": [77, 78, 79], "excluded_lines": []}, "UnaryExpressionNode.__repr__": {"executed_lines": [], "summary": {"covered_lines": 0, "num_statements": 0, "percent_covered": 100.0, "percent_covered_display": "100", "missing_lines": 0, "excluded_lines": 5}, "missing_lines": [], "excluded_lines": [82, 83, 84, 85, 86]}, "BlockNode.__init__": {"executed_lines": [], "summary": {"covered_lines": 0, "num_statements": 2, "percent_covered": 0.0, "percent_covered_display": "0", "missing_lines": 2, "excluded_lines": 0}, "missing_lines": [92, 93], "excluded_lines": []}, "BlockNode.__repr__": {"executed_lines": [], "summary": {"covered_lines": 0, "num_statements": 0, "percent_covered": 100.0, "percent_covered_display": "100", "missing_lines": 0, "excluded_lines": 1}, "missing_lines": [], "excluded_lines": [96]}, "VariableDeclarationNode.__init__": {"executed_lines": [], "summary": {"covered_lines": 0, "num_statements": 4, "percent_covered": 0.0, "percent_covered_display": "0", "missing_lines": 4, "excluded_lines": 0}, "missing_lines": [106, 107, 108, 109], "excluded_lines": []}, "VariableDeclarationNode.__repr__": {"executed_lines": [], "summary": {"covered_lines": 0, "num_statements": 0, "percent_covered": 100.0, "percent_covered_display": "100", "missing_lines": 0, "excluded_lines": 7}, "missing_lines": [], "excluded_lines": [112, 113, 114, 115, 116, 117, 118]}, "IfStatementNode.__init__": {"executed_lines": [], "summary": {"covered_lines": 0, "num_statements": 5, "percent_covered": 0.0, "percent_covered_display": "0", "missing_lines": 5, "excluded_lines": 0}, "missing_lines": [129, 130, 131, 132, 133], "excluded_lines": []}, "IfStatementNode.__repr__": {"executed_lines": [], "summary": {"covered_lines": 0, "num_statements": 0, "percent_covered": 100.0, "percent_covered_display": "100", "missing_lines": 0, "excluded_lines": 5}, "missing_lines": [], "excluded_lines": [136, 137, 138, 139, 140]}, "WhileLoopNode.__init__": {"executed_lines": [], "summary": {"covered_lines": 0, "num_statements": 3, "percent_covered": 0.0, "percent_covered_display": "0", "missing_lines": 3, "excluded_lines": 0}, "missing_lines": [149, 150, 151], "excluded_lines": []}, "WhileLoopNode.__repr__": {"executed_lines": [], "summary": {"covered_lines": 0, "num_statements": 0, "percent_covered": 100.0, "percent_covered_display": "100", "missing_lines": 0, "excluded_lines": 4}, "missing_lines": [], "excluded_lines": [154, 155, 156, 157]}, "ForLoopNode.__init__": {"executed_lines": [], "summary": {"covered_lines": 0, "num_statements": 4, "percent_covered": 0.0, "percent_covered_display": "0", "missing_lines": 4, "excluded_lines": 0}, "missing_lines": [167, 168, 169, 170], "excluded_lines": []}, "ForLoopNode.__repr__": {"executed_lines": [], "summary": {"covered_lines": 0, "num_statements": 0, "percent_covered": 100.0, "percent_covered_display": "100", "missing_lines": 0, "excluded_lines": 5}, "missing_lines": [], "excluded_lines": [173, 174, 175, 176, 177]}, "ParameterNode.__init__": {"executed_lines": [], "summary": {"covered_lines": 0, "num_statements": 3, "percent_covered": 0.0, "percent_covered_display": "0", "missing_lines": 3, "excluded_lines": 0}, "missing_lines": [188, 189, 190], "excluded_lines": []}, "ParameterNode.__repr__": {"executed_lines": [], "summary": {"covered_lines": 0, "num_statements": 0, "percent_covered": 100.0, "percent_covered_display": "100", "missing_lines": 0, "excluded_lines": 4}, "missing_lines": [], "excluded_lines": [193, 194, 195, 196]}, "FunctionDeclarationNode.__init__": {"executed_lines": [], "summary": {"covered_lines": 0, "num_statements": 5, "percent_covered": 0.0, "percent_covered_display": "0", "missing_lines": 5, "excluded_lines": 0}, "missing_lines": [207, 208, 209, 210, 211], "excluded_lines": []}, "FunctionDeclarationNode.__repr__": {"executed_lines": [], "summary": {"covered_lines": 0, "num_statements": 0, "percent_covered": 100.0, "percent_covered_display": "100", "missing_lines": 0, "excluded_lines": 5}, "missing_lines": [], "excluded_lines": [214, 215, 216, 217, 218]}, "FunctionCallNode.__init__": {"executed_lines": [], "summary": {"covered_lines": 0, "num_statements": 3, "percent_covered": 0.0, "percent_covered_display": "0", "missing_lines": 3, "excluded_lines": 0}, "missing_lines": [227, 228, 229], "excluded_lines": []}, "FunctionCallNode.__repr__": {"executed_lines": [], "summary": {"covered_lines": 0, "num_statements": 0, "percent_covered": 100.0, "percent_covered_display": "100", "missing_lines": 0, "excluded_lines": 4}, "missing_lines": [], "excluded_lines": [232, 233, 234, 235]}, "ReturnStatementNode.__init__": {"executed_lines": [], "summary": {"covered_lines": 0, "num_statements": 2, "percent_covered": 0.0, "percent_covered_display": "0", "missing_lines": 2, "excluded_lines": 0}, "missing_lines": [243, 244], "excluded_lines": []}, "ReturnStatementNode.__repr__": {"executed_lines": [], "summary": {"covered_lines": 0, "num_statements": 0, "percent_covered": 100.0, "percent_covered_display": "100", "missing_lines": 0, "excluded_lines": 3}, "missing_lines": [], "excluded_lines": [247, 248, 249]}, "ClassDeclarationNode.__init__": {"executed_lines": [], "summary": {"covered_lines": 0, "num_statements": 4, "percent_covered": 0.0, "percent_covered_display": "0", "missing_lines": 4, "excluded_lines": 0}, "missing_lines": [261, 262, 263, 264], "excluded_lines": []}, "ClassDeclarationNode.__repr__": {"executed_lines": [], "summary": {"covered_lines": 0, "num_statements": 0, "percent_covered": 100.0, "percent_covered_display": "100", "missing_lines": 0, "excluded_lines": 5}, "missing_lines": [], "excluded_lines": [267, 268, 269, 270, 271]}, "MethodDeclarationNode.__init__": {"executed_lines": [], "summary": {"covered_lines": 0, "num_statements": 5, "percent_covered": 0.0, "percent_covered_display": "0", "missing_lines": 5, "excluded_lines": 0}, "missing_lines": [282, 283, 284, 285, 286], "excluded_lines": []}, "MethodDeclarationNode.__repr__": {"executed_lines": [], "summary": {"covered_lines": 0, "num_statements": 0, "percent_covered": 100.0, "percent_covered_display": "100", "missing_lines": 0, "excluded_lines": 5}, "missing_lines": [], "excluded_lines": [289, 290, 291, 292, 293]}, "AttributeDeclarationNode.__init__": {"executed_lines": [], "summary": {"covered_lines": 0, "num_statements": 4, "percent_covered": 0.0, "percent_covered_display": "0", "missing_lines": 4, "excluded_lines": 0}, "missing_lines": [303, 304, 305, 306], "excluded_lines": []}, "AttributeDeclarationNode.__repr__": {"executed_lines": [], "summary": {"covered_lines": 0, "num_statements": 0, "percent_covered": 100.0, "percent_covered_display": "100", "missing_lines": 0, "excluded_lines": 5}, "missing_lines": [], "excluded_lines": [309, 310, 311, 312, 313]}, "InstanceCreationNode.__init__": {"executed_lines": [], "summary": {"covered_lines": 0, "num_statements": 3, "percent_covered": 0.0, "percent_covered_display": "0", "missing_lines": 3, "excluded_lines": 0}, "missing_lines": [322, 323, 324], "excluded_lines": []}, "InstanceCreationNode.__repr__": {"executed_lines": [], "summary": {"covered_lines": 0, "num_statements": 0, "percent_covered": 100.0, "percent_covered_display": "100", "missing_lines": 0, "excluded_lines": 4}, "missing_lines": [], "excluded_lines": [327, 328, 329, 330]}, "MemberAccessNode.__init__": {"executed_lines": [], "summary": {"covered_lines": 0, "num_statements": 3, "percent_covered": 0.0, "percent_covered_display": "0", "missing_lines": 3, "excluded_lines": 0}, "missing_lines": [339, 340, 341], "excluded_lines": []}, "MemberAccessNode.__repr__": {"executed_lines": [], "summary": {"covered_lines": 0, "num_statements": 0, "percent_covered": 100.0, "percent_covered_display": "100", "missing_lines": 0, "excluded_lines": 4}, "missing_lines": [], "excluded_lines": [344, 345, 346, 347]}, "ImportSpecifierNode.__init__": {"executed_lines": [], "summary": {"covered_lines": 0, "num_statements": 3, "percent_covered": 0.0, "percent_covered_display": "0", "missing_lines": 3, "excluded_lines": 0}, "missing_lines": [360, 361, 362], "excluded_lines": []}, "ImportSpecifierNode.__repr__": {"executed_lines": [], "summary": {"covered_lines": 0, "num_statements": 0, "percent_covered": 100.0, "percent_covered_display": "100", "missing_lines": 0, "excluded_lines": 4}, "missing_lines": [], "excluded_lines": [365, 366, 367, 368]}, "ImportStatementNode.__init__": {"executed_lines": [], "summary": {"covered_lines": 0, "num_statements": 3, "percent_covered": 0.0, "percent_covered_display": "0", "missing_lines": 3, "excluded_lines": 0}, "missing_lines": [379, 380, 383], "excluded_lines": []}, "ImportStatementNode.__repr__": {"executed_lines": [], "summary": {"covered_lines": 0, "num_statements": 0, "percent_covered": 100.0, "percent_covered_display": "100", "missing_lines": 0, "excluded_lines": 6}, "missing_lines": [], "excluded_lines": [386, 387, 388, 389, 390, 391]}, "ModuleNode.__init__": {"executed_lines": [], "summary": {"covered_lines": 0, "num_statements": 2, "percent_covered": 0.0, "percent_covered_display": "0", "missing_lines": 2, "excluded_lines": 0}, "missing_lines": [401, 402], "excluded_lines": []}, "ModuleNode.__repr__": {"executed_lines": [], "summary": {"covered_lines": 0, "num_statements": 0, "percent_covered": 100.0, "percent_covered_display": "100", "missing_lines": 0, "excluded_lines": 3}, "missing_lines": [], "excluded_lines": [405, 406, 407]}, "TryCatchClauseNode.__init__": {"executed_lines": [], "summary": {"covered_lines": 0, "num_statements": 4, "percent_covered": 0.0, "percent_covered_display": "0", "missing_lines": 4, "excluded_lines": 0}, "missing_lines": [419, 420, 421, 422], "excluded_lines": []}, "TryCatchClauseNode.__repr__": {"executed_lines": [], "summary": {"covered_lines": 0, "num_statements": 0, "percent_covered": 100.0, "percent_covered_display": "100", "missing_lines": 0, "excluded_lines": 5}, "missing_lines": [], "excluded_lines": [425, 426, 427, 428, 429]}, "RaiseStatementNode.__init__": {"executed_lines": [], "summary": {"covered_lines": 0, "num_statements": 2, "percent_covered": 0.0, "percent_covered_display": "0", "missing_lines": 2, "excluded_lines": 0}, "missing_lines": [437, 438], "excluded_lines": []}, "RaiseStatementNode.__repr__": {"executed_lines": [], "summary": {"covered_lines": 0, "num_statements": 0, "percent_covered": 100.0, "percent_covered_display": "100", "missing_lines": 0, "excluded_lines": 3}, "missing_lines": [], "excluded_lines": [441, 442, 443]}, "TryStatementNode.__init__": {"executed_lines": [], "summary": {"covered_lines": 0, "num_statements": 5, "percent_covered": 0.0, "percent_covered_display": "0", "missing_lines": 5, "excluded_lines": 0}, "missing_lines": [454, 455, 456, 457, 458], "excluded_lines": []}, "TryStatementNode.__repr__": {"executed_lines": [], "summary": {"covered_lines": 0, "num_statements": 0, "percent_covered": 100.0, "percent_covered_display": "100", "missing_lines": 0, "excluded_lines": 7}, "missing_lines": [], "excluded_lines": [461, 462, 463, 464, 465, 466, 467]}, "": {"executed_lines": [], "summary": {"covered_lines": 0, "num_statements": 60, "percent_covered": 0.0, "percent_covered_display": "0", "missing_lines": 60, "excluded_lines": 26}, "missing_lines": [6, 7, 10, 11, 13, 14, 15, 16, 17, 18, 21, 24, 34, 36, 44, 46, 57, 59, 74, 76, 89, 91, 99, 101, 121, 123, 143, 145, 160, 162, 182, 184, 199, 201, 221, 223, 238, 240, 254, 256, 274, 276, 296, 298, 316, 318, 333, 335, 352, 356, 371, 375, 394, 398, 412, 414, 432, 434, 446, 448], "excluded_lines": [27, 40, 50, 51, 65, 81, 95, 111, 135, 153, 172, 192, 213, 231, 246, 266, 288, 308, 326, 343, 364, 385, 404, 424, 440, 460]}}, "classes": {"SourceLocation": {"executed_lines": [], "summary": {"covered_lines": 0, "num_statements": 0, "percent_covered": 100.0, "percent_covered_display": "100", "missing_lines": 0, "excluded_lines": 0}, "missing_lines": [], "excluded_lines": []}, "ASTNode": {"executed_lines": [], "summary": {"covered_lines": 0, "num_statements": 1, "percent_covered": 0.0, "percent_covered_display": "0", "missing_lines": 1, "excluded_lines": 1}, "missing_lines": [25], "excluded_lines": [28]}, "IdentifierNode": {"executed_lines": [], "summary": {"covered_lines": 0, "num_statements": 2, "percent_covered": 0.0, "percent_covered_display": "0", "missing_lines": 2, "excluded_lines": 1}, "missing_lines": [37, 38], "excluded_lines": [41]}, "LiteralNode": {"executed_lines": [], "summary": {"covered_lines": 0, "num_statements": 2, "percent_covered": 0.0, "percent_covered_display": "0", "missing_lines": 2, "excluded_lines": 3}, "missing_lines": [47, 48], "excluded_lines": [52, 53, 54]}, "BinaryExpressionNode": {"executed_lines": [], "summary": {"covered_lines": 0, "num_statements": 4, "percent_covered": 0.0, "percent_covered_display": "0", "missing_lines": 4, "excluded_lines": 6}, "missing_lines": [60, 61, 62, 63], "excluded_lines": [66, 67, 68, 69, 70, 71]}, "UnaryExpressionNode": {"executed_lines": [], "summary": {"covered_lines": 0, "num_statements": 3, "percent_covered": 0.0, "percent_covered_display": "0", "missing_lines": 3, "excluded_lines": 5}, "missing_lines": [77, 78, 79], "excluded_lines": [82, 83, 84, 85, 86]}, "BlockNode": {"executed_lines": [], "summary": {"covered_lines": 0, "num_statements": 2, "percent_covered": 0.0, "percent_covered_display": "0", "missing_lines": 2, "excluded_lines": 1}, "missing_lines": [92, 93], "excluded_lines": [96]}, "VariableDeclarationNode": {"executed_lines": [], "summary": {"covered_lines": 0, "num_statements": 4, "percent_covered": 0.0, "percent_covered_display": "0", "missing_lines": 4, "excluded_lines": 7}, "missing_lines": [106, 107, 108, 109], "excluded_lines": [112, 113, 114, 115, 116, 117, 118]}, "IfStatementNode": {"executed_lines": [], "summary": {"covered_lines": 0, "num_statements": 5, "percent_covered": 0.0, "percent_covered_display": "0", "missing_lines": 5, "excluded_lines": 5}, "missing_lines": [129, 130, 131, 132, 133], "excluded_lines": [136, 137, 138, 139, 140]}, "WhileLoopNode": {"executed_lines": [], "summary": {"covered_lines": 0, "num_statements": 3, "percent_covered": 0.0, "percent_covered_display": "0", "missing_lines": 3, "excluded_lines": 4}, "missing_lines": [149, 150, 151], "excluded_lines": [154, 155, 156, 157]}, "ForLoopNode": {"executed_lines": [], "summary": {"covered_lines": 0, "num_statements": 4, "percent_covered": 0.0, "percent_covered_display": "0", "missing_lines": 4, "excluded_lines": 5}, "missing_lines": [167, 168, 169, 170], "excluded_lines": [173, 174, 175, 176, 177]}, "ParameterNode": {"executed_lines": [], "summary": {"covered_lines": 0, "num_statements": 3, "percent_covered": 0.0, "percent_covered_display": "0", "missing_lines": 3, "excluded_lines": 4}, "missing_lines": [188, 189, 190], "excluded_lines": [193, 194, 195, 196]}, "FunctionDeclarationNode": {"executed_lines": [], "summary": {"covered_lines": 0, "num_statements": 5, "percent_covered": 0.0, "percent_covered_display": "0", "missing_lines": 5, "excluded_lines": 5}, "missing_lines": [207, 208, 209, 210, 211], "excluded_lines": [214, 215, 216, 217, 218]}, "FunctionCallNode": {"executed_lines": [], "summary": {"covered_lines": 0, "num_statements": 3, "percent_covered": 0.0, "percent_covered_display": "0", "missing_lines": 3, "excluded_lines": 4}, "missing_lines": [227, 228, 229], "excluded_lines": [232, 233, 234, 235]}, "ReturnStatementNode": {"executed_lines": [], "summary": {"covered_lines": 0, "num_statements": 2, "percent_covered": 0.0, "percent_covered_display": "0", "missing_lines": 2, "excluded_lines": 3}, "missing_lines": [243, 244], "excluded_lines": [247, 248, 249]}, "ClassDeclarationNode": {"executed_lines": [], "summary": {"covered_lines": 0, "num_statements": 4, "percent_covered": 0.0, "percent_covered_display": "0", "missing_lines": 4, "excluded_lines": 5}, "missing_lines": [261, 262, 263, 264], "excluded_lines": [267, 268, 269, 270, 271]}, "MethodDeclarationNode": {"executed_lines": [], "summary": {"covered_lines": 0, "num_statements": 5, "percent_covered": 0.0, "percent_covered_display": "0", "missing_lines": 5, "excluded_lines": 5}, "missing_lines": [282, 283, 284, 285, 286], "excluded_lines": [289, 290, 291, 292, 293]}, "AttributeDeclarationNode": {"executed_lines": [], "summary": {"covered_lines": 0, "num_statements": 4, "percent_covered": 0.0, "percent_covered_display": "0", "missing_lines": 4, "excluded_lines": 5}, "missing_lines": [303, 304, 305, 306], "excluded_lines": [309, 310, 311, 312, 313]}, "InstanceCreationNode": {"executed_lines": [], "summary": {"covered_lines": 0, "num_statements": 3, "percent_covered": 0.0, "percent_covered_display": "0", "missing_lines": 3, "excluded_lines": 4}, "missing_lines": [322, 323, 324], "excluded_lines": [327, 328, 329, 330]}, "MemberAccessNode": {"executed_lines": [], "summary": {"covered_lines": 0, "num_statements": 3, "percent_covered": 0.0, "percent_covered_display": "0", "missing_lines": 3, "excluded_lines": 4}, "missing_lines": [339, 340, 341], "excluded_lines": [344, 345, 346, 347]}, "ImportSpecifierNode": {"executed_lines": [], "summary": {"covered_lines": 0, "num_statements": 3, "percent_covered": 0.0, "percent_covered_display": "0", "missing_lines": 3, "excluded_lines": 4}, "missing_lines": [360, 361, 362], "excluded_lines": [365, 366, 367, 368]}, "ImportStatementNode": {"executed_lines": [], "summary": {"covered_lines": 0, "num_statements": 3, "percent_covered": 0.0, "percent_covered_display": "0", "missing_lines": 3, "excluded_lines": 6}, "missing_lines": [379, 380, 383], "excluded_lines": [386, 387, 388, 389, 390, 391]}, "ModuleNode": {"executed_lines": [], "summary": {"covered_lines": 0, "num_statements": 2, "percent_covered": 0.0, "percent_covered_display": "0", "missing_lines": 2, "excluded_lines": 3}, "missing_lines": [401, 402], "excluded_lines": [405, 406, 407]}, "TryCatchClauseNode": {"executed_lines": [], "summary": {"covered_lines": 0, "num_statements": 4, "percent_covered": 0.0, "percent_covered_display": "0", "missing_lines": 4, "excluded_lines": 5}, "missing_lines": [419, 420, 421, 422], "excluded_lines": [425, 426, 427, 428, 429]}, "RaiseStatementNode": {"executed_lines": [], "summary": {"covered_lines": 0, "num_statements": 2, "percent_covered": 0.0, "percent_covered_display": "0", "missing_lines": 2, "excluded_lines": 3}, "missing_lines": [437, 438], "excluded_lines": [441, 442, 443]}, "TryStatementNode": {"executed_lines": [], "summary": {"covered_lines": 0, "num_statements": 5, "percent_covered": 0.0, "percent_covered_display": "0", "missing_lines": 5, "excluded_lines": 7}, "missing_lines": [454, 455, 456, 457, 458], "excluded_lines": [461, 462, 463, 464, 465, 466, 467]}, "": {"executed_lines": [], "summary": {"covered_lines": 0, "num_statements": 60, "percent_covered": 0.0, "percent_covered_display": "0", "missing_lines": 60, "excluded_lines": 26}, "missing_lines": [6, 7, 10, 11, 13, 14, 15, 16, 17, 18, 21, 24, 34, 36, 44, 46, 57, 59, 74, 76, 89, 91, 99, 101, 121, 123, 143, 145, 160, 162, 182, 184, 199, 201, 221, 223, 238, 240, 254, 256, 274, 276, 296, 298, 316, 318, 333, 335, 352, 356, 371, 375, 394, 398, 412, 414, 432, 434, 446, 448], "excluded_lines": [27, 40, 50, 51, 65, 81, 95, 111, 135, 153, 172, 192, 213, 231, 246, 266, 288, 308, 326, 343, 364, 385, 404, 424, 440, 460]}}}, "src/tau_translator_omega/core_engine/cnl_parser/ast_nodes.py": {"executed_lines": [1, 2, 5, 6, 7, 8, 9, 11, 17, 18, 19, 20, 23, 24, 25, 26, 28, 29, 30, 31, 33, 34, 35, 36, 37, 38, 40, 41, 42, 43, 44, 45, 47, 48, 49, 50, 51, 52, 54, 55, 56, 57, 58, 61, 62, 63, 64, 66, 67, 68, 69, 70, 72, 73, 74, 75, 76, 78, 79, 80, 81, 82, 83, 84, 86, 87, 88, 89, 90, 91, 92, 95, 96, 97, 98, 99, 100, 102, 103, 106, 107, 108, 109, 110, 111, 112, 114, 115, 116, 117, 118, 119, 120, 122, 123, 124, 125, 126, 127, 128, 130, 131, 132, 133, 134, 135, 137, 138, 139, 140, 141, 142, 145, 146, 147, 148, 149, 150, 151, 153, 157, 158, 159, 160, 161, 162, 163, 166, 167, 168, 169, 170, 171, 173, 174, 175, 176, 177, 178, 180, 181, 182, 183, 184, 185, 187, 188, 189, 190, 191, 192, 193, 195, 199, 200, 201, 202, 203, 204, 205, 206, 207, 209, 213, 214, 215, 216, 217, 218, 219, 220, 222, 223, 224, 225, 226, 227, 229, 230, 233, 234, 235, 237, 238, 244, 245, 246, 247, 248, 249, 250, 251, 252, 253, 255, 259, 260, 261, 262, 263, 264, 265, 266, 268, 272, 273, 274, 275, 276, 277, 278, 279, 281, 287, 288, 289, 290, 291, 292, 293, 294, 296, 300, 301, 302, 303, 304, 305, 306, 308, 309, 310, 311, 312, 313, 314, 315, 317, 318, 319, 320, 321, 322, 323, 325, 326, 327, 328, 329, 330, 331, 332, 334, 335, 336, 337, 338, 339, 340, 342, 343, 344, 345, 346, 347, 348, 350, 351, 352, 353, 354, 355, 356, 358, 359, 360, 361, 362, 363, 364, 366, 367, 368, 369, 370, 371, 373, 377, 378, 379, 380, 381, 382, 383, 385, 386, 387, 388, 389, 390, 391, 392, 394, 395, 396, 397, 398, 399, 400, 401, 403, 404, 405, 406, 407, 408, 409, 410, 412, 416, 417, 418, 419, 420, 421, 422, 423, 425, 426, 427, 428, 429, 430, 431, 432, 434], "summary": {"covered_lines": 307, "num_statements": 331, "percent_covered": 92.74924471299094, "percent_covered_display": "93", "missing_lines": 24, "excluded_lines": 4}, "missing_lines": [104, 154, 155, 196, 197, 210, 211, 239, 256, 257, 269, 270, 282, 283, 284, 285, 297, 298, 374, 375, 413, 414, 435, 436], "excluded_lines": [11, 12, 13, 14], "functions": {"ASTNode.__repr__": {"executed_lines": [], "summary": {"covered_lines": 0, "num_statements": 0, "percent_covered": 100.0, "percent_covered_display": "100", "missing_lines": 0, "excluded_lines": 1}, "missing_lines": [], "excluded_lines": [14]}, "PredicateCallNode.__post_init__": {"executed_lines": [103], "summary": {"covered_lines": 1, "num_statements": 2, "percent_covered": 50.0, "percent_covered_display": "50", "missing_lines": 1, "excluded_lines": 0}, "missing_lines": [104], "excluded_lines": []}, "QuantifierBlockNode.__post_init__": {"executed_lines": [], "summary": {"covered_lines": 0, "num_statements": 2, "percent_covered": 0.0, "percent_covered_display": "0", "missing_lines": 2, "excluded_lines": 0}, "missing_lines": [154, 155], "excluded_lines": []}, "PredicateDefNode.__post_init__": {"executed_lines": [], "summary": {"covered_lines": 0, "num_statements": 2, "percent_covered": 0.0, "percent_covered_display": "0", "missing_lines": 2, "excluded_lines": 0}, "missing_lines": [196, 197], "excluded_lines": []}, "DefinitionNode.__post_init__": {"executed_lines": [], "summary": {"covered_lines": 0, "num_statements": 2, "percent_covered": 0.0, "percent_covered_display": "0", "missing_lines": 2, "excluded_lines": 0}, "missing_lines": [210, 211], "excluded_lines": []}, "SentenceNode.__post_init__": {"executed_lines": [238], "summary": {"covered_lines": 1, "num_statements": 2, "percent_covered": 50.0, "percent_covered_display": "50", "missing_lines": 1, "excluded_lines": 0}, "missing_lines": [239], "excluded_lines": []}, "FunctionDefinitionNode.__post_init__": {"executed_lines": [], "summary": {"covered_lines": 0, "num_statements": 2, "percent_covered": 0.0, "percent_covered_display": "0", "missing_lines": 2, "excluded_lines": 0}, "missing_lines": [256, 257], "excluded_lines": []}, "PredicateDefinitionNode.__post_init__": {"executed_lines": [], "summary": {"covered_lines": 0, "num_statements": 2, "percent_covered": 0.0, "percent_covered_display": "0", "missing_lines": 2, "excluded_lines": 0}, "missing_lines": [269, 270], "excluded_lines": []}, "RecurrenceDefinitionNode.__post_init__": {"executed_lines": [], "summary": {"covered_lines": 0, "num_statements": 4, "percent_covered": 0.0, "percent_covered_display": "0", "missing_lines": 4, "excluded_lines": 0}, "missing_lines": [282, 283, 284, 285], "excluded_lines": []}, "RecurrenceCaseNode.__post_init__": {"executed_lines": [], "summary": {"covered_lines": 0, "num_statements": 2, "percent_covered": 0.0, "percent_covered_display": "0", "missing_lines": 2, "excluded_lines": 0}, "missing_lines": [297, 298], "excluded_lines": []}, "MetaStatementNode.__post_init__": {"executed_lines": [], "summary": {"covered_lines": 0, "num_statements": 2, "percent_covered": 0.0, "percent_covered_display": "0", "missing_lines": 2, "excluded_lines": 0}, "missing_lines": [374, 375], "excluded_lines": []}, "QuantifiedExpressionNode.__post_init__": {"executed_lines": [], "summary": {"covered_lines": 0, "num_statements": 2, "percent_covered": 0.0, "percent_covered_display": "0", "missing_lines": 2, "excluded_lines": 0}, "missing_lines": [413, 414], "excluded_lines": []}, "FunctionCallWithIndexNode.__post_init__": {"executed_lines": [], "summary": {"covered_lines": 0, "num_statements": 2, "percent_covered": 0.0, "percent_covered_display": "0", "missing_lines": 2, "excluded_lines": 0}, "missing_lines": [435, 436], "excluded_lines": []}, "": {"executed_lines": [1, 2, 5, 6, 7, 8, 9, 11, 17, 18, 19, 20, 23, 24, 25, 26, 28, 29, 30, 31, 33, 34, 35, 36, 37, 38, 40, 41, 42, 43, 44, 45, 47, 48, 49, 50, 51, 52, 54, 55, 56, 57, 58, 61, 62, 63, 64, 66, 67, 68, 69, 70, 72, 73, 74, 75, 76, 78, 79, 80, 81, 82, 83, 84, 86, 87, 88, 89, 90, 91, 92, 95, 96, 97, 98, 99, 100, 102, 106, 107, 108, 109, 110, 111, 112, 114, 115, 116, 117, 118, 119, 120, 122, 123, 124, 125, 126, 127, 128, 130, 131, 132, 133, 134, 135, 137, 138, 139, 140, 141, 142, 145, 146, 147, 148, 149, 150, 151, 153, 157, 158, 159, 160, 161, 162, 163, 166, 167, 168, 169, 170, 171, 173, 174, 175, 176, 177, 178, 180, 181, 182, 183, 184, 185, 187, 188, 189, 190, 191, 192, 193, 195, 199, 200, 201, 202, 203, 204, 205, 206, 207, 209, 213, 214, 215, 216, 217, 218, 219, 220, 222, 223, 224, 225, 226, 227, 229, 230, 233, 234, 235, 237, 244, 245, 246, 247, 248, 249, 250, 251, 252, 253, 255, 259, 260, 261, 262, 263, 264, 265, 266, 268, 272, 273, 274, 275, 276, 277, 278, 279, 281, 287, 288, 289, 290, 291, 292, 293, 294, 296, 300, 301, 302, 303, 304, 305, 306, 308, 309, 310, 311, 312, 313, 314, 315, 317, 318, 319, 320, 321, 322, 323, 325, 326, 327, 328, 329, 330, 331, 332, 334, 335, 336, 337, 338, 339, 340, 342, 343, 344, 345, 346, 347, 348, 350, 351, 352, 353, 354, 355, 356, 358, 359, 360, 361, 362, 363, 364, 366, 367, 368, 369, 370, 371, 373, 377, 378, 379, 380, 381, 382, 383, 385, 386, 387, 388, 389, 390, 391, 392, 394, 395, 396, 397, 398, 399, 400, 401, 403, 404, 405, 406, 407, 408, 409, 410, 412, 416, 417, 418, 419, 420, 421, 422, 423, 425, 426, 427, 428, 429, 430, 431, 432, 434], "summary": {"covered_lines": 305, "num_statements": 305, "percent_covered": 100.0, "percent_covered_display": "100", "missing_lines": 0, "excluded_lines": 3}, "missing_lines": [], "excluded_lines": [11, 12, 13]}}, "classes": {"ASTNode": {"executed_lines": [], "summary": {"covered_lines": 0, "num_statements": 0, "percent_covered": 100.0, "percent_covered_display": "100", "missing_lines": 0, "excluded_lines": 1}, "missing_lines": [], "excluded_lines": [14]}, "ExprNode": {"executed_lines": [], "summary": {"covered_lines": 0, "num_statements": 0, "percent_covered": 100.0, "percent_covered_display": "100", "missing_lines": 0, "excluded_lines": 0}, "missing_lines": [], "excluded_lines": []}, "AtomNode": {"executed_lines": [], "summary": {"covered_lines": 0, "num_statements": 0, "percent_covered": 100.0, "percent_covered_display": "100", "missing_lines": 0, "excluded_lines": 0}, "missing_lines": [], "excluded_lines": []}, "ArithmeticNode": {"executed_lines": [], "summary": {"covered_lines": 0, "num_statements": 0, "percent_covered": 100.0, "percent_covered_display": "100", "missing_lines": 0, "excluded_lines": 0}, "missing_lines": [], "excluded_lines": []}, "ConstantNode": {"executed_lines": [], "summary": {"covered_lines": 0, "num_statements": 0, "percent_covered": 100.0, "percent_covered_display": "100", "missing_lines": 0, "excluded_lines": 0}, "missing_lines": [], "excluded_lines": []}, "NumberNode": {"executed_lines": [], "summary": {"covered_lines": 0, "num_statements": 0, "percent_covered": 100.0, "percent_covered_display": "100", "missing_lines": 0, "excluded_lines": 0}, "missing_lines": [], "excluded_lines": []}, "StringNode": {"executed_lines": [], "summary": {"covered_lines": 0, "num_statements": 0, "percent_covered": 100.0, "percent_covered_display": "100", "missing_lines": 0, "excluded_lines": 0}, "missing_lines": [], "excluded_lines": []}, "VariableNode": {"executed_lines": [], "summary": {"covered_lines": 0, "num_statements": 0, "percent_covered": 100.0, "percent_covered_display": "100", "missing_lines": 0, "excluded_lines": 0}, "missing_lines": [], "excluded_lines": []}, "TimeSpecNode": {"executed_lines": [], "summary": {"covered_lines": 0, "num_statements": 0, "percent_covered": 100.0, "percent_covered_display": "100", "missing_lines": 0, "excluded_lines": 0}, "missing_lines": [], "excluded_lines": []}, "TimeLiteralNode": {"executed_lines": [], "summary": {"covered_lines": 0, "num_statements": 0, "percent_covered": 100.0, "percent_covered_display": "100", "missing_lines": 0, "excluded_lines": 0}, "missing_lines": [], "excluded_lines": []}, "TimeVariableNode": {"executed_lines": [], "summary": {"covered_lines": 0, "num_statements": 0, "percent_covered": 100.0, "percent_covered_display": "100", "missing_lines": 0, "excluded_lines": 0}, "missing_lines": [], "excluded_lines": []}, "TimeOffsetNode": {"executed_lines": [], "summary": {"covered_lines": 0, "num_statements": 0, "percent_covered": 100.0, "percent_covered_display": "100", "missing_lines": 0, "excluded_lines": 0}, "missing_lines": [], "excluded_lines": []}, "StreamReferenceNode": {"executed_lines": [], "summary": {"covered_lines": 0, "num_statements": 0, "percent_covered": 100.0, "percent_covered_display": "100", "missing_lines": 0, "excluded_lines": 0}, "missing_lines": [], "excluded_lines": []}, "PredicateCallNode": {"executed_lines": [103], "summary": {"covered_lines": 1, "num_statements": 2, "percent_covered": 50.0, "percent_covered_display": "50", "missing_lines": 1, "excluded_lines": 0}, "missing_lines": [104], "excluded_lines": []}, "ComparisonNode": {"executed_lines": [], "summary": {"covered_lines": 0, "num_statements": 0, "percent_covered": 100.0, "percent_covered_display": "100", "missing_lines": 0, "excluded_lines": 0}, "missing_lines": [], "excluded_lines": []}, "ArithmeticBinaryOpNode": {"executed_lines": [], "summary": {"covered_lines": 0, "num_statements": 0, "percent_covered": 100.0, "percent_covered_display": "100", "missing_lines": 0, "excluded_lines": 0}, "missing_lines": [], "excluded_lines": []}, "BooleanBinaryOpNode": {"executed_lines": [], "summary": {"covered_lines": 0, "num_statements": 0, "percent_covered": 100.0, "percent_covered_display": "100", "missing_lines": 0, "excluded_lines": 0}, "missing_lines": [], "excluded_lines": []}, "BooleanUnaryOpNode": {"executed_lines": [], "summary": {"covered_lines": 0, "num_statements": 0, "percent_covered": 100.0, "percent_covered_display": "100", "missing_lines": 0, "excluded_lines": 0}, "missing_lines": [], "excluded_lines": []}, "ArithmeticUnaryOpNode": {"executed_lines": [], "summary": {"covered_lines": 0, "num_statements": 0, "percent_covered": 100.0, "percent_covered_display": "100", "missing_lines": 0, "excluded_lines": 0}, "missing_lines": [], "excluded_lines": []}, "QuantifierBlockNode": {"executed_lines": [], "summary": {"covered_lines": 0, "num_statements": 2, "percent_covered": 0.0, "percent_covered_display": "0", "missing_lines": 2, "excluded_lines": 0}, "missing_lines": [154, 155], "excluded_lines": []}, "ConditionNode": {"executed_lines": [], "summary": {"covered_lines": 0, "num_statements": 0, "percent_covered": 100.0, "percent_covered_display": "100", "missing_lines": 0, "excluded_lines": 0}, "missing_lines": [], "excluded_lines": []}, "FactNode": {"executed_lines": [], "summary": {"covered_lines": 0, "num_statements": 0, "percent_covered": 100.0, "percent_covered_display": "100", "missing_lines": 0, "excluded_lines": 0}, "missing_lines": [], "excluded_lines": []}, "RuleNode": {"executed_lines": [], "summary": {"covered_lines": 0, "num_statements": 0, "percent_covered": 100.0, "percent_covered_display": "100", "missing_lines": 0, "excluded_lines": 0}, "missing_lines": [], "excluded_lines": []}, "ParameterNode": {"executed_lines": [], "summary": {"covered_lines": 0, "num_statements": 0, "percent_covered": 100.0, "percent_covered_display": "100", "missing_lines": 0, "excluded_lines": 0}, "missing_lines": [], "excluded_lines": []}, "PredicateDefNode": {"executed_lines": [], "summary": {"covered_lines": 0, "num_statements": 2, "percent_covered": 0.0, "percent_covered_display": "0", "missing_lines": 2, "excluded_lines": 0}, "missing_lines": [196, 197], "excluded_lines": []}, "DefinitionNode": {"executed_lines": [], "summary": {"covered_lines": 0, "num_statements": 2, "percent_covered": 0.0, "percent_covered_display": "0", "missing_lines": 2, "excluded_lines": 0}, "missing_lines": [210, 211], "excluded_lines": []}, "VariableDeclNode": {"executed_lines": [], "summary": {"covered_lines": 0, "num_statements": 0, "percent_covered": 100.0, "percent_covered_display": "100", "missing_lines": 0, "excluded_lines": 0}, "missing_lines": [], "excluded_lines": []}, "AssignmentNode": {"executed_lines": [], "summary": {"covered_lines": 0, "num_statements": 0, "percent_covered": 100.0, "percent_covered_display": "100", "missing_lines": 0, "excluded_lines": 0}, "missing_lines": [], "excluded_lines": []}, "SentenceNode": {"executed_lines": [238], "summary": {"covered_lines": 1, "num_statements": 2, "percent_covered": 50.0, "percent_covered_display": "50", "missing_lines": 1, "excluded_lines": 0}, "missing_lines": [239], "excluded_lines": []}, "FunctionDefinitionNode": {"executed_lines": [], "summary": {"covered_lines": 0, "num_statements": 2, "percent_covered": 0.0, "percent_covered_display": "0", "missing_lines": 2, "excluded_lines": 0}, "missing_lines": [256, 257], "excluded_lines": []}, "PredicateDefinitionNode": {"executed_lines": [], "summary": {"covered_lines": 0, "num_statements": 2, "percent_covered": 0.0, "percent_covered_display": "0", "missing_lines": 2, "excluded_lines": 0}, "missing_lines": [269, 270], "excluded_lines": []}, "RecurrenceDefinitionNode": {"executed_lines": [], "summary": {"covered_lines": 0, "num_statements": 4, "percent_covered": 0.0, "percent_covered_display": "0", "missing_lines": 4, "excluded_lines": 0}, "missing_lines": [282, 283, 284, 285], "excluded_lines": []}, "RecurrenceCaseNode": {"executed_lines": [], "summary": {"covered_lines": 0, "num_statements": 2, "percent_covered": 0.0, "percent_covered_display": "0", "missing_lines": 2, "excluded_lines": 0}, "missing_lines": [297, 298], "excluded_lines": []}, "BitvectorDeclarationNode": {"executed_lines": [], "summary": {"covered_lines": 0, "num_statements": 0, "percent_covered": 100.0, "percent_covered_display": "100", "missing_lines": 0, "excluded_lines": 0}, "missing_lines": [], "excluded_lines": []}, "BitvectorOperationNode": {"executed_lines": [], "summary": {"covered_lines": 0, "num_statements": 0, "percent_covered": 100.0, "percent_covered_display": "100", "missing_lines": 0, "excluded_lines": 0}, "missing_lines": [], "excluded_lines": []}, "BitvectorLiteralNode": {"executed_lines": [], "summary": {"covered_lines": 0, "num_statements": 0, "percent_covered": 100.0, "percent_covered_display": "100", "missing_lines": 0, "excluded_lines": 0}, "missing_lines": [], "excluded_lines": []}, "SolverCommandNode": {"executed_lines": [], "summary": {"covered_lines": 0, "num_statements": 0, "percent_covered": 100.0, "percent_covered_display": "100", "missing_lines": 0, "excluded_lines": 0}, "missing_lines": [], "excluded_lines": []}, "MathematicalAssertionNode": {"executed_lines": [], "summary": {"covered_lines": 0, "num_statements": 0, "percent_covered": 100.0, "percent_covered_display": "100", "missing_lines": 0, "excluded_lines": 0}, "missing_lines": [], "excluded_lines": []}, "TemporalQuantifierNode": {"executed_lines": [], "summary": {"covered_lines": 0, "num_statements": 0, "percent_covered": 100.0, "percent_covered_display": "100", "missing_lines": 0, "excluded_lines": 0}, "missing_lines": [], "excluded_lines": []}, "ConceptDeclarationNode": {"executed_lines": [], "summary": {"covered_lines": 0, "num_statements": 0, "percent_covered": 100.0, "percent_covered_display": "100", "missing_lines": 0, "excluded_lines": 0}, "missing_lines": [], "excluded_lines": []}, "StreamDeclarationNode": {"executed_lines": [], "summary": {"covered_lines": 0, "num_statements": 0, "percent_covered": 100.0, "percent_covered_display": "100", "missing_lines": 0, "excluded_lines": 0}, "missing_lines": [], "excluded_lines": []}, "MetaStatementNode": {"executed_lines": [], "summary": {"covered_lines": 0, "num_statements": 2, "percent_covered": 0.0, "percent_covered_display": "0", "missing_lines": 2, "excluded_lines": 0}, "missing_lines": [374, 375], "excluded_lines": []}, "MetaFieldNode": {"executed_lines": [], "summary": {"covered_lines": 0, "num_statements": 0, "percent_covered": 100.0, "percent_covered_display": "100", "missing_lines": 0, "excluded_lines": 0}, "missing_lines": [], "excluded_lines": []}, "EnhancedArithmeticNode": {"executed_lines": [], "summary": {"covered_lines": 0, "num_statements": 0, "percent_covered": 100.0, "percent_covered_display": "100", "missing_lines": 0, "excluded_lines": 0}, "missing_lines": [], "excluded_lines": []}, "SetOperationNode": {"executed_lines": [], "summary": {"covered_lines": 0, "num_statements": 0, "percent_covered": 100.0, "percent_covered_display": "100", "missing_lines": 0, "excluded_lines": 0}, "missing_lines": [], "excluded_lines": []}, "QuantifiedExpressionNode": {"executed_lines": [], "summary": {"covered_lines": 0, "num_statements": 2, "percent_covered": 0.0, "percent_covered_display": "0", "missing_lines": 2, "excluded_lines": 0}, "missing_lines": [413, 414], "excluded_lines": []}, "ConditionalExpressionNode": {"executed_lines": [], "summary": {"covered_lines": 0, "num_statements": 0, "percent_covered": 100.0, "percent_covered_display": "100", "missing_lines": 0, "excluded_lines": 0}, "missing_lines": [], "excluded_lines": []}, "FunctionCallWithIndexNode": {"executed_lines": [], "summary": {"covered_lines": 0, "num_statements": 2, "percent_covered": 0.0, "percent_covered_display": "0", "missing_lines": 2, "excluded_lines": 0}, "missing_lines": [435, 436], "excluded_lines": []}, "": {"executed_lines": [1, 2, 5, 6, 7, 8, 9, 11, 17, 18, 19, 20, 23, 24, 25, 26, 28, 29, 30, 31, 33, 34, 35, 36, 37, 38, 40, 41, 42, 43, 44, 45, 47, 48, 49, 50, 51, 52, 54, 55, 56, 57, 58, 61, 62, 63, 64, 66, 67, 68, 69, 70, 72, 73, 74, 75, 76, 78, 79, 80, 81, 82, 83, 84, 86, 87, 88, 89, 90, 91, 92, 95, 96, 97, 98, 99, 100, 102, 106, 107, 108, 109, 110, 111, 112, 114, 115, 116, 117, 118, 119, 120, 122, 123, 124, 125, 126, 127, 128, 130, 131, 132, 133, 134, 135, 137, 138, 139, 140, 141, 142, 145, 146, 147, 148, 149, 150, 151, 153, 157, 158, 159, 160, 161, 162, 163, 166, 167, 168, 169, 170, 171, 173, 174, 175, 176, 177, 178, 180, 181, 182, 183, 184, 185, 187, 188, 189, 190, 191, 192, 193, 195, 199, 200, 201, 202, 203, 204, 205, 206, 207, 209, 213, 214, 215, 216, 217, 218, 219, 220, 222, 223, 224, 225, 226, 227, 229, 230, 233, 234, 235, 237, 244, 245, 246, 247, 248, 249, 250, 251, 252, 253, 255, 259, 260, 261, 262, 263, 264, 265, 266, 268, 272, 273, 274, 275, 276, 277, 278, 279, 281, 287, 288, 289, 290, 291, 292, 293, 294, 296, 300, 301, 302, 303, 304, 305, 306, 308, 309, 310, 311, 312, 313, 314, 315, 317, 318, 319, 320, 321, 322, 323, 325, 326, 327, 328, 329, 330, 331, 332, 334, 335, 336, 337, 338, 339, 340, 342, 343, 344, 345, 346, 347, 348, 350, 351, 352, 353, 354, 355, 356, 358, 359, 360, 361, 362, 363, 364, 366, 367, 368, 369, 370, 371, 373, 377, 378, 379, 380, 381, 382, 383, 385, 386, 387, 388, 389, 390, 391, 392, 394, 395, 396, 397, 398, 399, 400, 401, 403, 404, 405, 406, 407, 408, 409, 410, 412, 416, 417, 418, 419, 420, 421, 422, 423, 425, 426, 427, 428, 429, 430, 431, 432, 434], "summary": {"covered_lines": 305, "num_statements": 305, "percent_covered": 100.0, "percent_covered_display": "100", "missing_lines": 0, "excluded_lines": 3}, "missing_lines": [], "excluded_lines": [11, 12, 13]}}}, "src/tau_translator_omega/core_engine/cnl_parser/cnl_parser.py": {"executed_lines": [], "summary": {"covered_lines": 0, "num_statements": 244, "percent_covered": 0.0, "percent_covered_display": "0", "missing_lines": 244, "excluded_lines": 4}, "missing_lines": [16, 17, 18, 19, 21, 24, 39, 49, 70, 72, 77, 79, 81, 83, 85, 87, 89, 90, 92, 93, 95, 96, 98, 100, 101, 103, 104, 106, 107, 109, 110, 111, 113, 114, 116, 117, 118, 120, 121, 123, 124, 125, 127, 128, 130, 132, 133, 135, 137, 138, 140, 141, 143, 144, 146, 147, 148, 149, 150, 152, 153, 155, 156, 158, 159, 161, 162, 164, 165, 167, 168, 169, 171, 172, 174, 175, 176, 178, 179, 181, 182, 183, 186, 189, 190, 191, 192, 198, 205, 206, 208, 221, 222, 224, 225, 228, 230, 231, 232, 233, 236, 238, 239, 240, 241, 243, 245, 246, 247, 249, 250, 252, 255, 263, 264, 265, 267, 269, 270, 271, 273, 275, 276, 277, 278, 280, 282, 283, 284, 285, 286, 287, 288, 289, 290, 292, 299, 301, 304, 305, 306, 309, 312, 313, 314, 315, 316, 317, 319, 321, 323, 324, 325, 328, 329, 330, 331, 332, 333, 334, 337, 340, 343, 345, 347, 348, 349, 351, 352, 353, 354, 355, 357, 358, 359, 360, 361, 363, 365, 367, 368, 371, 372, 373, 376, 377, 378, 379, 382, 383, 384, 385, 388, 389, 390, 392, 395, 407, 408, 409, 410, 411, 413, 428, 429, 431, 432, 435, 436, 438, 439, 442, 443, 445, 447, 448, 450, 457, 459, 460, 463, 465, 467, 468, 471, 473, 474, 477, 478, 481, 482, 484, 486, 487, 488, 489, 490, 492, 501, 503, 505, 507, 511, 521], "excluded_lines": [74, 75, 194, 195], "functions": {"ASTNode.__repr__": {"executed_lines": [], "summary": {"covered_lines": 0, "num_statements": 0, "percent_covered": 100.0, "percent_covered_display": "100", "missing_lines": 0, "excluded_lines": 1}, "missing_lines": [], "excluded_lines": [75]}, "Token.__init__": {"executed_lines": [], "summary": {"covered_lines": 0, "num_statements": 3, "percent_covered": 0.0, "percent_covered_display": "0", "missing_lines": 3, "excluded_lines": 0}, "missing_lines": [190, 191, 192], "excluded_lines": []}, "Token.__repr__": {"executed_lines": [], "summary": {"covered_lines": 0, "num_statements": 0, "percent_covered": 100.0, "percent_covered_display": "100", "missing_lines": 0, "excluded_lines": 1}, "missing_lines": [], "excluded_lines": [195]}, "OptimizedTokenizer.__init__": {"executed_lines": [], "summary": {"covered_lines": 0, "num_statements": 1, "percent_covered": 0.0, "percent_covered_display": "0", "missing_lines": 1, "excluded_lines": 0}, "missing_lines": [206], "excluded_lines": []}, "OptimizedTokenizer.tokenize": {"executed_lines": [], "summary": {"covered_lines": 0, "num_statements": 21, "percent_covered": 0.0, "percent_covered_display": "0", "missing_lines": 21, "excluded_lines": 0}, "missing_lines": [221, 222, 224, 225, 228, 230, 231, 232, 233, 236, 238, 239, 240, 241, 243, 245, 246, 247, 249, 250, 252], "excluded_lines": []}, "PrattParser.__init__": {"executed_lines": [], "summary": {"covered_lines": 0, "num_statements": 2, "percent_covered": 0.0, "percent_covered_display": "0", "missing_lines": 2, "excluded_lines": 0}, "missing_lines": [264, 265], "excluded_lines": []}, "PrattParser.current_token": {"executed_lines": [], "summary": {"covered_lines": 0, "num_statements": 3, "percent_covered": 0.0, "percent_covered_display": "0", "missing_lines": 3, "excluded_lines": 0}, "missing_lines": [269, 270, 271], "excluded_lines": []}, "PrattParser.consume_token": {"executed_lines": [], "summary": {"covered_lines": 0, "num_statements": 4, "percent_covered": 0.0, "percent_covered_display": "0", "missing_lines": 4, "excluded_lines": 0}, "missing_lines": [275, 276, 277, 278], "excluded_lines": []}, "PrattParser.peek_precedence": {"executed_lines": [], "summary": {"covered_lines": 0, "num_statements": 9, "percent_covered": 0.0, "percent_covered_display": "0", "missing_lines": 9, "excluded_lines": 0}, "missing_lines": [282, 283, 284, 285, 286, 287, 288, 289, 290], "excluded_lines": []}, "PrattParser.parse_expression": {"executed_lines": [], "summary": {"covered_lines": 0, "num_statements": 13, "percent_covered": 0.0, "percent_covered_display": "0", "missing_lines": 13, "excluded_lines": 0}, "missing_lines": [299, 301, 304, 305, 306, 309, 312, 313, 314, 315, 316, 317, 319], "excluded_lines": []}, "PrattParser.parse_primary": {"executed_lines": [], "summary": {"covered_lines": 0, "num_statements": 13, "percent_covered": 0.0, "percent_covered_display": "0", "missing_lines": 13, "excluded_lines": 0}, "missing_lines": [323, 324, 325, 328, 329, 330, 331, 332, 333, 334, 337, 340, 343], "excluded_lines": []}, "PrattParser.parse_atom": {"executed_lines": [], "summary": {"covered_lines": 0, "num_statements": 14, "percent_covered": 0.0, "percent_covered_display": "0", "missing_lines": 14, "excluded_lines": 0}, "missing_lines": [347, 348, 349, 351, 352, 353, 354, 355, 357, 358, 359, 360, 361, 363], "excluded_lines": []}, "PrattParser.parse_function_call": {"executed_lines": [], "summary": {"covered_lines": 0, "num_statements": 17, "percent_covered": 0.0, "percent_covered_display": "0", "missing_lines": 17, "excluded_lines": 0}, "missing_lines": [367, 368, 371, 372, 373, 376, 377, 378, 379, 382, 383, 384, 385, 388, 389, 390, 392], "excluded_lines": []}, "CNLParser.__init__": {"executed_lines": [], "summary": {"covered_lines": 0, "num_statements": 4, "percent_covered": 0.0, "percent_covered_display": "0", "missing_lines": 4, "excluded_lines": 0}, "missing_lines": [408, 409, 410, 411], "excluded_lines": []}, "CNLParser.parse": {"executed_lines": [], "summary": {"covered_lines": 0, "num_statements": 13, "percent_covered": 0.0, "percent_covered_display": "0", "missing_lines": 13, "excluded_lines": 0}, "missing_lines": [428, 429, 431, 432, 435, 436, 438, 439, 442, 443, 445, 447, 448], "excluded_lines": []}, "CNLParser._parse_internal": {"executed_lines": [], "summary": {"covered_lines": 0, "num_statements": 4, "percent_covered": 0.0, "percent_covered_display": "0", "missing_lines": 4, "excluded_lines": 0}, "missing_lines": [457, 459, 460, 463], "excluded_lines": []}, "CNLParser._parse_sentence": {"executed_lines": [], "summary": {"covered_lines": 0, "num_statements": 9, "percent_covered": 0.0, "percent_covered_display": "0", "missing_lines": 9, "excluded_lines": 0}, "missing_lines": [467, 468, 471, 473, 474, 477, 478, 481, 482], "excluded_lines": []}, "CNLParser.get_performance_stats": {"executed_lines": [], "summary": {"covered_lines": 0, "num_statements": 6, "percent_covered": 0.0, "percent_covered_display": "0", "missing_lines": 6, "excluded_lines": 0}, "missing_lines": [486, 487, 488, 489, 490, 492], "excluded_lines": []}, "CNLParser.clear_cache": {"executed_lines": [], "summary": {"covered_lines": 0, "num_statements": 1, "percent_covered": 0.0, "percent_covered_display": "0", "missing_lines": 1, "excluded_lines": 0}, "missing_lines": [503], "excluded_lines": []}, "CNLParser.is_available": {"executed_lines": [], "summary": {"covered_lines": 0, "num_statements": 1, "percent_covered": 0.0, "percent_covered_display": "0", "missing_lines": 1, "excluded_lines": 0}, "missing_lines": [507], "excluded_lines": []}, "create_cnl_parser": {"executed_lines": [], "summary": {"covered_lines": 0, "num_statements": 1, "percent_covered": 0.0, "percent_covered_display": "0", "missing_lines": 1, "excluded_lines": 0}, "missing_lines": [521], "excluded_lines": []}, "": {"executed_lines": [], "summary": {"covered_lines": 0, "num_statements": 105, "percent_covered": 0.0, "percent_covered_display": "0", "missing_lines": 105, "excluded_lines": 2}, "missing_lines": [16, 17, 18, 19, 21, 24, 39, 49, 70, 72, 77, 79, 81, 83, 85, 87, 89, 90, 92, 93, 95, 96, 98, 100, 101, 103, 104, 106, 107, 109, 110, 111, 113, 114, 116, 117, 118, 120, 121, 123, 124, 125, 127, 128, 130, 132, 133, 135, 137, 138, 140, 141, 143, 144, 146, 147, 148, 149, 150, 152, 153, 155, 156, 158, 159, 161, 162, 164, 165, 167, 168, 169, 171, 172, 174, 175, 176, 178, 179, 181, 182, 183, 186, 189, 198, 205, 208, 255, 263, 267, 273, 280, 292, 321, 345, 365, 395, 407, 413, 450, 465, 484, 501, 505, 511], "excluded_lines": [74, 194]}}, "classes": {"ASTNode": {"executed_lines": [], "summary": {"covered_lines": 0, "num_statements": 0, "percent_covered": 100.0, "percent_covered_display": "100", "missing_lines": 0, "excluded_lines": 1}, "missing_lines": [], "excluded_lines": [75]}, "ExprNode": {"executed_lines": [], "summary": {"covered_lines": 0, "num_statements": 0, "percent_covered": 100.0, "percent_covered_display": "100", "missing_lines": 0, "excluded_lines": 0}, "missing_lines": [], "excluded_lines": []}, "AtomNode": {"executed_lines": [], "summary": {"covered_lines": 0, "num_statements": 0, "percent_covered": 100.0, "percent_covered_display": "100", "missing_lines": 0, "excluded_lines": 0}, "missing_lines": [], "excluded_lines": []}, "ArithmeticNode": {"executed_lines": [], "summary": {"covered_lines": 0, "num_statements": 0, "percent_covered": 100.0, "percent_covered_display": "100", "missing_lines": 0, "excluded_lines": 0}, "missing_lines": [], "excluded_lines": []}, "ConstantNode": {"executed_lines": [], "summary": {"covered_lines": 0, "num_statements": 0, "percent_covered": 100.0, "percent_covered_display": "100", "missing_lines": 0, "excluded_lines": 0}, "missing_lines": [], "excluded_lines": []}, "VariableNode": {"executed_lines": [], "summary": {"covered_lines": 0, "num_statements": 0, "percent_covered": 100.0, "percent_covered_display": "100", "missing_lines": 0, "excluded_lines": 0}, "missing_lines": [], "excluded_lines": []}, "PredicateCallNode": {"executed_lines": [], "summary": {"covered_lines": 0, "num_statements": 0, "percent_covered": 100.0, "percent_covered_display": "100", "missing_lines": 0, "excluded_lines": 0}, "missing_lines": [], "excluded_lines": []}, "ComparisonNode": {"executed_lines": [], "summary": {"covered_lines": 0, "num_statements": 0, "percent_covered": 100.0, "percent_covered_display": "100", "missing_lines": 0, "excluded_lines": 0}, "missing_lines": [], "excluded_lines": []}, "BooleanBinaryOpNode": {"executed_lines": [], "summary": {"covered_lines": 0, "num_statements": 0, "percent_covered": 100.0, "percent_covered_display": "100", "missing_lines": 0, "excluded_lines": 0}, "missing_lines": [], "excluded_lines": []}, "ArithmeticBinaryOpNode": {"executed_lines": [], "summary": {"covered_lines": 0, "num_statements": 0, "percent_covered": 100.0, "percent_covered_display": "100", "missing_lines": 0, "excluded_lines": 0}, "missing_lines": [], "excluded_lines": []}, "FactNode": {"executed_lines": [], "summary": {"covered_lines": 0, "num_statements": 0, "percent_covered": 100.0, "percent_covered_display": "100", "missing_lines": 0, "excluded_lines": 0}, "missing_lines": [], "excluded_lines": []}, "SentenceNode": {"executed_lines": [], "summary": {"covered_lines": 0, "num_statements": 0, "percent_covered": 100.0, "percent_covered_display": "100", "missing_lines": 0, "excluded_lines": 0}, "missing_lines": [], "excluded_lines": []}, "RuleNode": {"executed_lines": [], "summary": {"covered_lines": 0, "num_statements": 0, "percent_covered": 100.0, "percent_covered_display": "100", "missing_lines": 0, "excluded_lines": 0}, "missing_lines": [], "excluded_lines": []}, "DefinitionNode": {"executed_lines": [], "summary": {"covered_lines": 0, "num_statements": 0, "percent_covered": 100.0, "percent_covered_display": "100", "missing_lines": 0, "excluded_lines": 0}, "missing_lines": [], "excluded_lines": []}, "ParameterNode": {"executed_lines": [], "summary": {"covered_lines": 0, "num_statements": 0, "percent_covered": 100.0, "percent_covered_display": "100", "missing_lines": 0, "excluded_lines": 0}, "missing_lines": [], "excluded_lines": []}, "ConditionNode": {"executed_lines": [], "summary": {"covered_lines": 0, "num_statements": 0, "percent_covered": 100.0, "percent_covered_display": "100", "missing_lines": 0, "excluded_lines": 0}, "missing_lines": [], "excluded_lines": []}, "QuantifierBlockNode": {"executed_lines": [], "summary": {"covered_lines": 0, "num_statements": 0, "percent_covered": 100.0, "percent_covered_display": "100", "missing_lines": 0, "excluded_lines": 0}, "missing_lines": [], "excluded_lines": []}, "StreamReferenceNode": {"executed_lines": [], "summary": {"covered_lines": 0, "num_statements": 0, "percent_covered": 100.0, "percent_covered_display": "100", "missing_lines": 0, "excluded_lines": 0}, "missing_lines": [], "excluded_lines": []}, "TimeSpecNode": {"executed_lines": [], "summary": {"covered_lines": 0, "num_statements": 0, "percent_covered": 100.0, "percent_covered_display": "100", "missing_lines": 0, "excluded_lines": 0}, "missing_lines": [], "excluded_lines": []}, "Token": {"executed_lines": [], "summary": {"covered_lines": 0, "num_statements": 3, "percent_covered": 0.0, "percent_covered_display": "0", "missing_lines": 3, "excluded_lines": 1}, "missing_lines": [190, 191, 192], "excluded_lines": [195]}, "OptimizedTokenizer": {"executed_lines": [], "summary": {"covered_lines": 0, "num_statements": 22, "percent_covered": 0.0, "percent_covered_display": "0", "missing_lines": 22, "excluded_lines": 0}, "missing_lines": [206, 221, 222, 224, 225, 228, 230, 231, 232, 233, 236, 238, 239, 240, 241, 243, 245, 246, 247, 249, 250, 252], "excluded_lines": []}, "PrattParser": {"executed_lines": [], "summary": {"covered_lines": 0, "num_statements": 75, "percent_covered": 0.0, "percent_covered_display": "0", "missing_lines": 75, "excluded_lines": 0}, "missing_lines": [264, 265, 269, 270, 271, 275, 276, 277, 278, 282, 283, 284, 285, 286, 287, 288, 289, 290, 299, 301, 304, 305, 306, 309, 312, 313, 314, 315, 316, 317, 319, 323, 324, 325, 328, 329, 330, 331, 332, 333, 334, 337, 340, 343, 347, 348, 349, 351, 352, 353, 354, 355, 357, 358, 359, 360, 361, 363, 367, 368, 371, 372, 373, 376, 377, 378, 379, 382, 383, 384, 385, 388, 389, 390, 392], "excluded_lines": []}, "CNLParser": {"executed_lines": [], "summary": {"covered_lines": 0, "num_statements": 38, "percent_covered": 0.0, "percent_covered_display": "0", "missing_lines": 38, "excluded_lines": 0}, "missing_lines": [408, 409, 410, 411, 428, 429, 431, 432, 435, 436, 438, 439, 442, 443, 445, 447, 448, 457, 459, 460, 463, 467, 468, 471, 473, 474, 477, 478, 481, 482, 486, 487, 488, 489, 490, 492, 503, 507], "excluded_lines": []}, "": {"executed_lines": [], "summary": {"covered_lines": 0, "num_statements": 106, "percent_covered": 0.0, "percent_covered_display": "0", "missing_lines": 106, "excluded_lines": 2}, "missing_lines": [16, 17, 18, 19, 21, 24, 39, 49, 70, 72, 77, 79, 81, 83, 85, 87, 89, 90, 92, 93, 95, 96, 98, 100, 101, 103, 104, 106, 107, 109, 110, 111, 113, 114, 116, 117, 118, 120, 121, 123, 124, 125, 127, 128, 130, 132, 133, 135, 137, 138, 140, 141, 143, 144, 146, 147, 148, 149, 150, 152, 153, 155, 156, 158, 159, 161, 162, 164, 165, 167, 168, 169, 171, 172, 174, 175, 176, 178, 179, 181, 182, 183, 186, 189, 198, 205, 208, 255, 263, 267, 273, 280, 292, 321, 345, 365, 395, 407, 413, 450, 465, 484, 501, 505, 511, 521], "excluded_lines": [74, 194]}}}, "src/tau_translator_omega/core_engine/cnl_parser/mock_parser.py": {"executed_lines": [1, 8, 9, 10, 12, 14, 15, 33, 34, 46, 47, 50, 64, 69, 71, 72, 74, 75, 77, 78, 79, 80, 81, 82, 83, 84, 85, 87, 90, 92, 94, 95, 97, 98, 99, 103, 104, 106, 107, 109, 111, 112, 115, 118, 119, 121, 123, 125, 129, 130, 133, 134, 135, 136, 138, 139, 141, 144, 149, 157, 159, 161, 162, 163, 164, 165, 167, 168, 170, 171, 172, 176, 178, 181, 184, 187, 188, 190, 191, 192, 193, 194, 195, 197, 200, 201, 203, 207], "summary": {"covered_lines": 86, "num_statements": 106, "percent_covered": 81.13207547169812, "percent_covered_display": "81", "missing_lines": 20, "excluded_lines": 0}, "missing_lines": [19, 21, 22, 23, 24, 25, 26, 27, 28, 29, 30, 88, 100, 126, 152, 153, 155, 174, 182, 209], "excluded_lines": [], "functions": {"MockCNLParser.__init__": {"executed_lines": [47, 50, 64], "summary": {"covered_lines": 3, "num_statements": 3, "percent_covered": 100.0, "percent_covered_display": "100", "missing_lines": 0, "excluded_lines": 0}, "missing_lines": [], "excluded_lines": []}, "MockCNLParser.tokenize": {"executed_lines": [71, 72, 74, 75, 77, 78, 79, 80, 81, 82, 83, 84, 85, 87, 90], "summary": {"covered_lines": 15, "num_statements": 16, "percent_covered": 93.75, "percent_covered_display": "94", "missing_lines": 1, "excluded_lines": 0}, "missing_lines": [88], "excluded_lines": []}, "MockCNLParser.parse": {"executed_lines": [94, 95, 97, 98, 99, 103, 104, 106, 107], "summary": {"covered_lines": 9, "num_statements": 10, "percent_covered": 90.0, "percent_covered_display": "90", "missing_lines": 1, "excluded_lines": 0}, "missing_lines": [100], "excluded_lines": []}, "MockCNLParser._parse_sentence": {"executed_lines": [111, 112, 115, 118, 119, 121], "summary": {"covered_lines": 6, "num_statements": 6, "percent_covered": 100.0, "percent_covered_display": "100", "missing_lines": 0, "excluded_lines": 0}, "missing_lines": [], "excluded_lines": []}, "MockCNLParser._parse_expression": {"executed_lines": [125, 129, 130, 133, 134, 135, 136, 138, 139, 141, 144, 149], "summary": {"covered_lines": 12, "num_statements": 16, "percent_covered": 75.0, "percent_covered_display": "75", "missing_lines": 4, "excluded_lines": 0}, "missing_lines": [126, 152, 153, 155], "excluded_lines": []}, "MockCNLParser._parse_atom": {"executed_lines": [159, 161, 162, 163, 164, 165, 167, 168, 170, 171, 172], "summary": {"covered_lines": 11, "num_statements": 12, "percent_covered": 91.66666666666667, "percent_covered_display": "92", "missing_lines": 1, "excluded_lines": 0}, "missing_lines": [174], "excluded_lines": []}, "MockCNLParser._parse_predicate_call": {"executed_lines": [178, 181, 184, 187, 188, 190, 191, 192, 193, 194, 195, 197, 200, 201, 203], "summary": {"covered_lines": 15, "num_statements": 16, "percent_covered": 93.75, "percent_covered_display": "94", "missing_lines": 1, "excluded_lines": 0}, "missing_lines": [182], "excluded_lines": []}, "create_mock_parser": {"executed_lines": [], "summary": {"covered_lines": 0, "num_statements": 1, "percent_covered": 0.0, "percent_covered_display": "0", "missing_lines": 1, "excluded_lines": 0}, "missing_lines": [209], "excluded_lines": []}, "": {"executed_lines": [1, 8, 9, 10, 12, 14, 15, 33, 34, 46, 69, 92, 109, 123, 157, 176, 207], "summary": {"covered_lines": 15, "num_statements": 26, "percent_covered": 57.69230769230769, "percent_covered_display": "58", "missing_lines": 11, "excluded_lines": 0}, "missing_lines": [19, 21, 22, 23, 24, 25, 26, 27, 28, 29, 30], "excluded_lines": []}}, "classes": {"MockCNLParser": {"executed_lines": [47, 50, 64, 71, 72, 74, 75, 77, 78, 79, 80, 81, 82, 83, 84, 85, 87, 90, 94, 95, 97, 98, 99, 103, 104, 106, 107, 111, 112, 115, 118, 119, 121, 125, 129, 130, 133, 134, 135, 136, 138, 139, 141, 144, 149, 159, 161, 162, 163, 164, 165, 167, 168, 170, 171, 172, 178, 181, 184, 187, 188, 190, 191, 192, 193, 194, 195, 197, 200, 201, 203], "summary": {"covered_lines": 71, "num_statements": 79, "percent_covered": 89.87341772151899, "percent_covered_display": "90", "missing_lines": 8, "excluded_lines": 0}, "missing_lines": [88, 100, 126, 152, 153, 155, 174, 182], "excluded_lines": []}, "": {"executed_lines": [1, 8, 9, 10, 12, 14, 15, 33, 34, 46, 69, 92, 109, 123, 157, 176, 207], "summary": {"covered_lines": 15, "num_statements": 27, "percent_covered": 55.55555555555556, "percent_covered_display": "56", "missing_lines": 12, "excluded_lines": 0}, "missing_lines": [19, 21, 22, 23, 24, 25, 26, 27, 28, 29, 30, 209], "excluded_lines": []}}}, "src/tau_translator_omega/core_engine/cnl_parser/optimized_parser.py": {"executed_lines": [], "summary": {"covered_lines": 0, "num_statements": 183, "percent_covered": 0.0, "percent_covered_display": "0", "missing_lines": 183, "excluded_lines": 0}, "missing_lines": [11, 12, 13, 14, 15, 17, 20, 21, 25, 27, 28, 29, 30, 31, 32, 33, 36, 38, 39, 41, 42, 43, 44, 57, 59, 60, 61, 64, 67, 68, 70, 72, 73, 74, 76, 77, 80, 82, 83, 84, 85, 86, 87, 88, 89, 90, 92, 93, 95, 97, 99, 100, 102, 103, 104, 105, 106, 107, 108, 109, 110, 112, 115, 119, 125, 126, 127, 129, 131, 132, 133, 135, 137, 138, 139, 140, 142, 144, 145, 146, 147, 149, 151, 153, 157, 158, 159, 161, 162, 164, 166, 168, 169, 170, 173, 174, 175, 176, 177, 178, 179, 182, 185, 188, 190, 192, 193, 194, 196, 198, 199, 200, 201, 202, 204, 205, 206, 207, 208, 210, 212, 214, 215, 218, 219, 220, 223, 224, 225, 226, 229, 230, 231, 232, 235, 236, 237, 239, 242, 253, 254, 255, 256, 259, 260, 262, 263, 265, 267, 269, 270, 272, 275, 276, 277, 278, 279, 280, 281, 283, 285, 287, 289, 290, 291, 292, 295, 296, 298, 299, 301, 303, 304, 307, 310, 311, 312, 314, 316, 318, 319, 328, 330], "excluded_lines": [], "functions": {"TokenPatterns.__new__": {"executed_lines": [], "summary": {"covered_lines": 0, "num_statements": 4, "percent_covered": 0.0, "percent_covered_display": "0", "missing_lines": 4, "excluded_lines": 0}, "missing_lines": [42, 43, 44, 57], "excluded_lines": []}, "TokenPatterns.patterns": {"executed_lines": [], "summary": {"covered_lines": 0, "num_statements": 1, "percent_covered": 0.0, "percent_covered_display": "0", "missing_lines": 1, "excluded_lines": 0}, "missing_lines": [61], "excluded_lines": []}, "OptimizedTokenizer.__init__": {"executed_lines": [], "summary": {"covered_lines": 0, "num_statements": 1, "percent_covered": 0.0, "percent_covered_display": "0", "missing_lines": 1, "excluded_lines": 0}, "missing_lines": [68], "excluded_lines": []}, "OptimizedTokenizer.tokenize": {"executed_lines": [], "summary": {"covered_lines": 0, "num_statements": 18, "percent_covered": 0.0, "percent_covered_display": "0", "missing_lines": 18, "excluded_lines": 0}, "missing_lines": [72, 73, 74, 76, 77, 80, 82, 83, 84, 85, 86, 87, 88, 89, 90, 92, 93, 95], "excluded_lines": []}, "OptimizedTokenizer.streaming_tokenize": {"executed_lines": [], "summary": {"covered_lines": 0, "num_statements": 12, "percent_covered": 0.0, "percent_covered_display": "0", "missing_lines": 12, "excluded_lines": 0}, "missing_lines": [99, 100, 102, 103, 104, 105, 106, 107, 108, 109, 110, 112], "excluded_lines": []}, "OperatorPrecedenceParser.__init__": {"executed_lines": [], "summary": {"covered_lines": 0, "num_statements": 2, "percent_covered": 0.0, "percent_covered_display": "0", "missing_lines": 2, "excluded_lines": 0}, "missing_lines": [126, 127], "excluded_lines": []}, "OperatorPrecedenceParser.current_token": {"executed_lines": [], "summary": {"covered_lines": 0, "num_statements": 3, "percent_covered": 0.0, "percent_covered_display": "0", "missing_lines": 3, "excluded_lines": 0}, "missing_lines": [131, 132, 133], "excluded_lines": []}, "OperatorPrecedenceParser.consume_token": {"executed_lines": [], "summary": {"covered_lines": 0, "num_statements": 4, "percent_covered": 0.0, "percent_covered_display": "0", "missing_lines": 4, "excluded_lines": 0}, "missing_lines": [137, 138, 139, 140], "excluded_lines": []}, "OperatorPrecedenceParser.peek_operator_precedence": {"executed_lines": [], "summary": {"covered_lines": 0, "num_statements": 4, "percent_covered": 0.0, "percent_covered_display": "0", "missing_lines": 4, "excluded_lines": 0}, "missing_lines": [144, 145, 146, 147], "excluded_lines": []}, "OperatorPrecedenceParser.parse_expression": {"executed_lines": [], "summary": {"covered_lines": 0, "num_statements": 8, "percent_covered": 0.0, "percent_covered_display": "0", "missing_lines": 8, "excluded_lines": 0}, "missing_lines": [151, 153, 157, 158, 159, 161, 162, 164], "excluded_lines": []}, "OperatorPrecedenceParser.parse_primary": {"executed_lines": [], "summary": {"covered_lines": 0, "num_statements": 13, "percent_covered": 0.0, "percent_covered_display": "0", "missing_lines": 13, "excluded_lines": 0}, "missing_lines": [168, 169, 170, 173, 174, 175, 176, 177, 178, 179, 182, 185, 188], "excluded_lines": []}, "OperatorPrecedenceParser.parse_atom": {"executed_lines": [], "summary": {"covered_lines": 0, "num_statements": 15, "percent_covered": 0.0, "percent_covered_display": "0", "missing_lines": 15, "excluded_lines": 0}, "missing_lines": [192, 193, 194, 196, 198, 199, 200, 201, 202, 204, 205, 206, 207, 208, 210], "excluded_lines": []}, "OperatorPrecedenceParser.parse_function_call": {"executed_lines": [], "summary": {"covered_lines": 0, "num_statements": 17, "percent_covered": 0.0, "percent_covered_display": "0", "missing_lines": 17, "excluded_lines": 0}, "missing_lines": [214, 215, 218, 219, 220, 223, 224, 225, 226, 229, 230, 231, 232, 235, 236, 237, 239], "excluded_lines": []}, "OptimizedCNLParser.__init__": {"executed_lines": [], "summary": {"covered_lines": 0, "num_statements": 5, "percent_covered": 0.0, "percent_covered_display": "0", "missing_lines": 5, "excluded_lines": 0}, "missing_lines": [254, 255, 256, 259, 260], "excluded_lines": []}, "OptimizedCNLParser._parse_cached": {"executed_lines": [], "summary": {"covered_lines": 0, "num_statements": 1, "percent_covered": 0.0, "percent_covered_display": "0", "missing_lines": 1, "excluded_lines": 0}, "missing_lines": [265], "excluded_lines": []}, "OptimizedCNLParser.parse": {"executed_lines": [], "summary": {"covered_lines": 0, "num_statements": 12, "percent_covered": 0.0, "percent_covered_display": "0", "missing_lines": 12, "excluded_lines": 0}, "missing_lines": [269, 270, 272, 275, 276, 277, 278, 279, 280, 281, 283, 285], "excluded_lines": []}, "OptimizedCNLParser._parse_internal": {"executed_lines": [], "summary": {"covered_lines": 0, "num_statements": 8, "percent_covered": 0.0, "percent_covered_display": "0", "missing_lines": 8, "excluded_lines": 0}, "missing_lines": [289, 290, 291, 292, 295, 296, 298, 299], "excluded_lines": []}, "OptimizedCNLParser._parse_sentence": {"executed_lines": [], "summary": {"covered_lines": 0, "num_statements": 7, "percent_covered": 0.0, "percent_covered_display": "0", "missing_lines": 7, "excluded_lines": 0}, "missing_lines": [303, 304, 307, 310, 311, 312, 314], "excluded_lines": []}, "OptimizedCNLParser.get_performance_stats": {"executed_lines": [], "summary": {"covered_lines": 0, "num_statements": 2, "percent_covered": 0.0, "percent_covered_display": "0", "missing_lines": 2, "excluded_lines": 0}, "missing_lines": [318, 319], "excluded_lines": []}, "create_optimized_parser": {"executed_lines": [], "summary": {"covered_lines": 0, "num_statements": 1, "percent_covered": 0.0, "percent_covered_display": "0", "missing_lines": 1, "excluded_lines": 0}, "missing_lines": [330], "excluded_lines": []}, "": {"executed_lines": [], "summary": {"covered_lines": 0, "num_statements": 45, "percent_covered": 0.0, "percent_covered_display": "0", "missing_lines": 45, "excluded_lines": 0}, "missing_lines": [11, 12, 13, 14, 15, 17, 20, 21, 25, 27, 28, 29, 30, 31, 32, 33, 36, 38, 39, 41, 59, 60, 64, 67, 70, 97, 115, 119, 125, 129, 135, 142, 149, 166, 190, 212, 242, 253, 262, 263, 267, 287, 301, 316, 328], "excluded_lines": []}}, "classes": {"TokenPatterns": {"executed_lines": [], "summary": {"covered_lines": 0, "num_statements": 5, "percent_covered": 0.0, "percent_covered_display": "0", "missing_lines": 5, "excluded_lines": 0}, "missing_lines": [42, 43, 44, 57, 61], "excluded_lines": []}, "OptimizedTokenizer": {"executed_lines": [], "summary": {"covered_lines": 0, "num_statements": 31, "percent_covered": 0.0, "percent_covered_display": "0", "missing_lines": 31, "excluded_lines": 0}, "missing_lines": [68, 72, 73, 74, 76, 77, 80, 82, 83, 84, 85, 86, 87, 88, 89, 90, 92, 93, 95, 99, 100, 102, 103, 104, 105, 106, 107, 108, 109, 110, 112], "excluded_lines": []}, "OperatorPrecedenceParser": {"executed_lines": [], "summary": {"covered_lines": 0, "num_statements": 66, "percent_covered": 0.0, "percent_covered_display": "0", "missing_lines": 66, "excluded_lines": 0}, "missing_lines": [126, 127, 131, 132, 133, 137, 138, 139, 140, 144, 145, 146, 147, 151, 153, 157, 158, 159, 161, 162, 164, 168, 169, 170, 173, 174, 175, 176, 177, 178, 179, 182, 185, 188, 192, 193, 194, 196, 198, 199, 200, 201, 202, 204, 205, 206, 207, 208, 210, 214, 215, 218, 219, 220, 223, 224, 225, 226, 229, 230, 231, 232, 235, 236, 237, 239], "excluded_lines": []}, "OptimizedCNLParser": {"executed_lines": [], "summary": {"covered_lines": 0, "num_statements": 35, "percent_covered": 0.0, "percent_covered_display": "0", "missing_lines": 35, "excluded_lines": 0}, "missing_lines": [254, 255, 256, 259, 260, 265, 269, 270, 272, 275, 276, 277, 278, 279, 280, 281, 283, 285, 289, 290, 291, 292, 295, 296, 298, 299, 303, 304, 307, 310, 311, 312, 314, 318, 319], "excluded_lines": []}, "": {"executed_lines": [], "summary": {"covered_lines": 0, "num_statements": 46, "percent_covered": 0.0, "percent_covered_display": "0", "missing_lines": 46, "excluded_lines": 0}, "missing_lines": [11, 12, 13, 14, 15, 17, 20, 21, 25, 27, 28, 29, 30, 31, 32, 33, 36, 38, 39, 41, 59, 60, 64, 67, 70, 97, 115, 119, 125, 129, 135, 142, 149, 166, 190, 212, 242, 253, 262, 263, 267, 287, 301, 316, 328, 330], "excluded_lines": []}}}, "src/tau_translator_omega/core_engine/cnl_parser/parser.py": {"executed_lines": [], "summary": {"covered_lines": 0, "num_statements": 338, "percent_covered": 0.0, "percent_covered_display": "0", "missing_lines": 338, "excluded_lines": 0}, "missing_lines": [1, 2, 3, 6, 7, 14, 16, 17, 18, 19, 20, 21, 22, 23, 24, 25, 26, 27, 28, 29, 30, 31, 32, 33, 34, 35, 36, 37, 38, 39, 40, 45, 47, 48, 49, 52, 53, 56, 57, 58, 60, 61, 63, 65, 66, 68, 70, 71, 72, 73, 74, 78, 79, 82, 85, 89, 92, 93, 95, 96, 98, 99, 100, 101, 102, 103, 105, 108, 109, 111, 113, 114, 116, 119, 120, 122, 123, 124, 126, 128, 131, 132, 134, 136, 137, 139, 140, 142, 143, 144, 145, 146, 147, 149, 150, 152, 153, 154, 155, 156, 157, 158, 159, 161, 162, 164, 165, 166, 167, 168, 169, 170, 171, 173, 174, 176, 177, 178, 179, 180, 181, 183, 185, 186, 188, 189, 190, 191, 192, 193, 194, 195, 196, 197, 199, 200, 202, 203, 204, 205, 206, 207, 208, 209, 210, 211, 213, 214, 216, 217, 218, 219, 220, 221, 223, 226, 227, 229, 230, 232, 237, 239, 240, 242, 243, 244, 246, 248, 250, 251, 253, 254, 258, 259, 260, 261, 262, 265, 266, 268, 269, 271, 272, 274, 275, 277, 280, 281, 284, 285, 287, 290, 291, 295, 297, 298, 299, 301, 302, 304, 306, 307, 309, 310, 313, 314, 316, 317, 319, 320, 327
[...]
vered_display": "0", "missing_lines": 1, "excluded_lines": 0}, "missing_lines": [312], "excluded_lines": []}, "PatternAnalyzerFactory.create_analyzer": {"executed_lines": [], "summary": {"covered_lines": 0, "num_statements": 5, "percent_covered": 0.0, "percent_covered_display": "0", "missing_lines": 5, "excluded_lines": 0}, "missing_lines": [328, 329, 330, 331, 333], "excluded_lines": []}, "": {"executed_lines": [], "summary": {"covered_lines": 0, "num_statements": 35, "percent_covered": 0.0, "percent_covered_display": "0", "missing_lines": 35, "excluded_lines": 0}, "missing_lines": [11, 12, 13, 14, 16, 19, 22, 23, 28, 39, 42, 87, 96, 97, 101, 139, 144, 154, 158, 202, 213, 222, 223, 227, 228, 232, 270, 274, 301, 304, 305, 309, 310, 314, 315], "excluded_lines": []}}, "classes": {"PatternAnalyzer": {"executed_lines": [], "summary": {"covered_lines": 0, "num_statements": 1, "percent_covered": 0.0, "percent_covered_display": "0", "missing_lines": 1, "excluded_lines": 0}, "missing_lines": [25], "excluded_lines": []}, "TauPatternAnalyzer": {"executed_lines": [], "summary": {"covered_lines": 0, "num_statements": 29, "percent_covered": 0.0, "percent_covered_display": "0", "missing_lines": 29, "excluded_lines": 0}, "missing_lines": [40, 44, 84, 85, 89, 90, 91, 92, 93, 94, 99, 114, 115, 117, 120, 122, 123, 125, 126, 127, 128, 129, 130, 131, 132, 134, 135, 137, 141], "excluded_lines": []}, "TCEPatternAnalyzer": {"executed_lines": [], "summary": {"covered_lines": 0, "num_statements": 42, "percent_covered": 0.0, "percent_covered_display": "0", "missing_lines": 42, "excluded_lines": 0}, "missing_lines": [155, 156, 160, 199, 200, 204, 215, 216, 217, 218, 219, 220, 225, 230, 245, 246, 248, 251, 253, 254, 256, 257, 258, 259, 260, 261, 262, 263, 265, 266, 268, 272, 284, 287, 288, 289, 290, 293, 294, 295, 296, 298], "excluded_lines": []}, "PatternAnalyzerFactory": {"executed_lines": [], "summary": {"covered_lines": 0, "num_statements": 7, "percent_covered": 0.0, "percent_covered_display": "0", "missing_lines": 7, "excluded_lines": 0}, "missing_lines": [307, 312, 328, 329, 330, 331, 333], "excluded_lines": []}, "": {"executed_lines": [], "summary": {"covered_lines": 0, "num_statements": 35, "percent_covered": 0.0, "percent_covered_display": "0", "missing_lines": 35, "excluded_lines": 0}, "missing_lines": [11, 12, 13, 14, 16, 19, 22, 23, 28, 39, 42, 87, 96, 97, 101, 139, 144, 154, 158, 202, 213, 222, 223, 227, 228, 232, 270, 274, 301, 304, 305, 309, 310, 314, 315], "excluded_lines": []}}}, "src/tau_translator_omega/lmql_engine/translation_strategies.py": {"executed_lines": [], "summary": {"covered_lines": 0, "num_statements": 215, "percent_covered": 0.0, "percent_covered_display": "0", "missing_lines": 215, "excluded_lines": 0}, "missing_lines": [11, 12, 13, 14, 15, 17, 19, 22, 24, 25, 28, 29, 31, 32, 33, 34, 35, 36, 39, 42, 43, 45, 48, 58, 59, 60, 61, 62, 64, 66, 75, 84, 94, 95, 104, 105, 106, 108, 109, 110, 111, 120, 122, 124, 125, 135, 136, 138, 139, 141, 142, 143, 144, 146, 148, 157, 159, 161, 162, 172, 173, 176, 177, 179, 180, 181, 182, 184, 185, 186, 187, 188, 189, 191, 192, 195, 196, 197, 198, 200, 201, 202, 203, 204, 206, 207, 209, 211, 220, 222, 223, 224, 226, 227, 229, 230, 231, 232, 234, 235, 237, 238, 239, 240, 242, 243, 245, 246, 249, 251, 253, 272, 273, 274, 275, 276, 277, 278, 280, 282, 284, 285, 286, 287, 289, 291, 292, 293, 294, 296, 298, 299, 300, 301, 303, 305, 306, 307, 308, 310, 312, 313, 314, 315, 317, 319, 320, 321, 322, 324, 326, 327, 328, 329, 331, 334, 337, 340, 345, 346, 347, 348, 351, 352, 353, 354, 355, 358, 359, 360, 361, 362, 364, 366, 369, 383, 386, 393, 394, 395, 396, 398, 400, 401, 402, 403, 404, 405, 407, 417, 418, 420, 421, 422, 423, 424, 426, 430, 431, 432, 433, 436, 439, 440, 442, 444, 445, 447, 449, 450, 464, 465, 466, 467, 469], "excluded_lines": [], "functions": {"TranslationStrategy.translate": {"executed_lines": [], "summary": {"covered_lines": 0, "num_statements": 1, "percent_covered": 0.0, "percent_covered_display": "0", "missing_lines": 1, "excluded_lines": 0}, "missing_lines": [45], "excluded_lines": []}, "PatternBasedTranslationStrategy.__init__": {"executed_lines": [], "summary": {"covered_lines": 0, "num_statements": 4, "percent_covered": 0.0, "percent_covered_display": "0", "missing_lines": 4, "excluded_lines": 0}, "missing_lines": [59, 60, 61, 62], "excluded_lines": []}, "PatternBasedTranslationStrategy._initialize_templates": {"executed_lines": [], "summary": {"covered_lines": 0, "num_statements": 2, "percent_covered": 0.0, "percent_covered_display": "0", "missing_lines": 2, "excluded_lines": 0}, "missing_lines": [66, 75], "excluded_lines": []}, "PatternBasedTranslationStrategy.translate": {"executed_lines": [], "summary": {"covered_lines": 0, "num_statements": 9, "percent_covered": 0.0, "percent_covered_display": "0", "missing_lines": 9, "excluded_lines": 0}, "missing_lines": [94, 95, 104, 105, 106, 108, 109, 110, 111], "excluded_lines": []}, "PatternBasedTranslationStrategy._translate_tau_to_tce": {"executed_lines": [], "summary": {"covered_lines": 0, "num_statements": 13, "percent_covered": 0.0, "percent_covered_display": "0", "missing_lines": 13, "excluded_lines": 0}, "missing_lines": [122, 124, 125, 135, 136, 138, 139, 141, 142, 143, 144, 146, 148], "excluded_lines": []}, "PatternBasedTranslationStrategy._translate_tce_to_tau": {"executed_lines": [], "summary": {"covered_lines": 0, "num_statements": 32, "percent_covered": 0.0, "percent_covered_display": "0", "missing_lines": 32, "excluded_lines": 0}, "missing_lines": [159, 161, 162, 172, 173, 176, 177, 179, 180, 181, 182, 184, 185, 186, 187, 188, 189, 191, 192, 195, 196, 197, 198, 200, 201, 202, 203, 204, 206, 207, 209, 211], "excluded_lines": []}, "PatternBasedTranslationStrategy._convert_tau_pattern_to_tce": {"executed_lines": [], "summary": {"covered_lines": 0, "num_statements": 20, "percent_covered": 0.0, "percent_covered_display": "0", "missing_lines": 20, "excluded_lines": 0}, "missing_lines": [222, 223, 224, 226, 227, 229, 230, 231, 232, 234, 235, 237, 238, 239, 240, 242, 243, 245, 246, 249], "excluded_lines": []}, "PatternBasedTranslationStrategy._convert_tce_pattern_to_tau": {"executed_lines": [], "summary": {"covered_lines": 0, "num_statements": 9, "percent_covered": 0.0, "percent_covered_display": "0", "missing_lines": 9, "excluded_lines": 0}, "missing_lines": [253, 272, 273, 274, 275, 276, 277, 278, 280], "excluded_lines": []}, "PatternBasedTranslationStrategy._convert_function_def": {"executed_lines": [], "summary": {"covered_lines": 0, "num_statements": 4, "percent_covered": 0.0, "percent_covered_display": "0", "missing_lines": 4, "excluded_lines": 0}, "missing_lines": [284, 285, 286, 287], "excluded_lines": []}, "PatternBasedTranslationStrategy._convert_rule_def": {"executed_lines": [], "summary": {"covered_lines": 0, "num_statements": 4, "percent_covered": 0.0, "percent_covered_display": "0", "missing_lines": 4, "excluded_lines": 0}, "missing_lines": [291, 292, 293, 294], "excluded_lines": []}, "PatternBasedTranslationStrategy._convert_temporal_constraint": {"executed_lines": [], "summary": {"covered_lines": 0, "num_statements": 4, "percent_covered": 0.0, "percent_covered_display": "0", "missing_lines": 4, "excluded_lines": 0}, "missing_lines": [298, 299, 300, 301], "excluded_lines": []}, "PatternBasedTranslationStrategy._convert_always_expr": {"executed_lines": [], "summary": {"covered_lines": 0, "num_statements": 4, "percent_covered": 0.0, "percent_covered_display": "0", "missing_lines": 4, "excluded_lines": 0}, "missing_lines": [305, 306, 307, 308], "excluded_lines": []}, "PatternBasedTranslationStrategy._convert_binary_constraint": {"executed_lines": [], "summary": {"covered_lines": 0, "num_statements": 4, "percent_covered": 0.0, "percent_covered_display": "0", "missing_lines": 4, "excluded_lines": 0}, "missing_lines": [312, 313, 314, 315], "excluded_lines": []}, "PatternBasedTranslationStrategy._convert_binary_expr": {"executed_lines": [], "summary": {"covered_lines": 0, "num_statements": 4, "percent_covered": 0.0, "percent_covered_display": "0", "missing_lines": 4, "excluded_lines": 0}, "missing_lines": [319, 320, 321, 322], "excluded_lines": []}, "PatternBasedTranslationStrategy._convert_not_expr": {"executed_lines": [], "summary": {"covered_lines": 0, "num_statements": 4, "percent_covered": 0.0, "percent_covered_display": "0", "missing_lines": 4, "excluded_lines": 0}, "missing_lines": [326, 327, 328, 329], "excluded_lines": []}, "PatternBasedTranslationStrategy._translate_tau_expression": {"executed_lines": [], "summary": {"covered_lines": 0, "num_statements": 18, "percent_covered": 0.0, "percent_covered_display": "0", "missing_lines": 18, "excluded_lines": 0}, "missing_lines": [334, 337, 340, 345, 346, 347, 348, 351, 352, 353, 354, 355, 358, 359, 360, 361, 362, 364], "excluded_lines": []}, "PatternBasedTranslationStrategy._translate_stream_name": {"executed_lines": [], "summary": {"covered_lines": 0, "num_statements": 2, "percent_covered": 0.0, "percent_covered_display": "0", "missing_lines": 2, "excluded_lines": 0}, "missing_lines": [369, 383], "excluded_lines": []}, "LMQLTranslationStrategy.__init__": {"executed_lines": [], "summary": {"covered_lines": 0, "num_statements": 3, "percent_covered": 0.0, "percent_covered_display": "0", "missing_lines": 3, "excluded_lines": 0}, "missing_lines": [394, 395, 396], "excluded_lines": []}, "LMQLTranslationStrategy._check_lmql_availability": {"executed_lines": [], "summary": {"covered_lines": 0, "num_statements": 6, "percent_covered": 0.0, "percent_covered_display": "0", "missing_lines": 6, "excluded_lines": 0}, "missing_lines": [400, 401, 402, 403, 404, 405], "excluded_lines": []}, "LMQLTranslationStrategy.translate": {"executed_lines": [], "summary": {"covered_lines": 0, "num_statements": 7, "percent_covered": 0.0, "percent_covered_display": "0", "missing_lines": 7, "excluded_lines": 0}, "missing_lines": [417, 418, 420, 421, 422, 423, 424], "excluded_lines": []}, "LMQLTranslationStrategy._translate_with_lmql": {"executed_lines": [], "summary": {"covered_lines": 0, "num_statements": 4, "percent_covered": 0.0, "percent_covered_display": "0", "missing_lines": 4, "excluded_lines": 0}, "missing_lines": [430, 431, 432, 433], "excluded_lines": []}, "TranslationStrategyFactory.create_pattern_strategy": {"executed_lines": [], "summary": {"covered_lines": 0, "num_statements": 1, "percent_covered": 0.0, "percent_covered_display": "0", "missing_lines": 1, "excluded_lines": 0}, "missing_lines": [442], "excluded_lines": []}, "TranslationStrategyFactory.create_lmql_strategy": {"executed_lines": [], "summary": {"covered_lines": 0, "num_statements": 1, "percent_covered": 0.0, "percent_covered_display": "0", "missing_lines": 1, "excluded_lines": 0}, "missing_lines": [447], "excluded_lines": []}, "TranslationStrategyFactory.create_strategy": {"executed_lines": [], "summary": {"covered_lines": 0, "num_statements": 5, "percent_covered": 0.0, "percent_covered_display": "0", "missing_lines": 5, "excluded_lines": 0}, "missing_lines": [464, 465, 466, 467, 469], "excluded_lines": []}, "": {"executed_lines": [], "summary": {"covered_lines": 0, "num_statements": 50, "percent_covered": 0.0, "percent_covered_display": "0", "missing_lines": 50, "excluded_lines": 0}, "missing_lines": [11, 12, 13, 14, 15, 17, 19, 22, 24, 25, 28, 29, 31, 32, 33, 34, 35, 36, 39, 42, 43, 48, 58, 64, 84, 120, 157, 220, 251, 282, 289, 296, 303, 310, 317, 324, 331, 366, 386, 393, 398, 407, 426, 436, 439, 440, 444, 445, 449, 450], "excluded_lines": []}}, "classes": {"TranslationDirection": {"executed_lines": [], "summary": {"covered_lines": 0, "num_statements": 0, "percent_covered": 100.0, "percent_covered_display": "100", "missing_lines": 0, "excluded_lines": 0}, "missing_lines": [], "excluded_lines": []}, "TranslationResult": {"executed_lines": [], "summary": {"covered_lines": 0, "num_statements": 0, "percent_covered": 100.0, "percent_covered_display": "100", "missing_lines": 0, "excluded_lines": 0}, "missing_lines": [], "excluded_lines": []}, "TranslationStrategy": {"executed_lines": [], "summary": {"covered_lines": 0, "num_statements": 1, "percent_covered": 0.0, "percent_covered_display": "0", "missing_lines": 1, "excluded_lines": 0}, "missing_lines": [45], "excluded_lines": []}, "PatternBasedTranslationStrategy": {"executed_lines": [], "summary": {"covered_lines": 0, "num_statements": 137, "percent_covered": 0.0, "percent_covered_display": "0", "missing_lines": 137, "excluded_lines": 0}, "missing_lines": [59, 60, 61, 62, 66, 75, 94, 95, 104, 105, 106, 108, 109, 110, 111, 122, 124, 125, 135, 136, 138, 139, 141, 142, 143, 144, 146, 148, 159, 161, 162, 172, 173, 176, 177, 179, 180, 181, 182, 184, 185, 186, 187, 188, 189, 191, 192, 195, 196, 197, 198, 200, 201, 202, 203, 204, 206, 207, 209, 211, 222, 223, 224, 226, 227, 229, 230, 231, 232, 234, 235, 237, 238, 239, 240, 242, 243, 245, 246, 249, 253, 272, 273, 274, 275, 276, 277, 278, 280, 284, 285, 286, 287, 291, 292, 293, 294, 298, 299, 300, 301, 305, 306, 307, 308, 312, 313, 314, 315, 319, 320, 321, 322, 326, 327, 328, 329, 334, 337, 340, 345, 346, 347, 348, 351, 352, 353, 354, 355, 358, 359, 360, 361, 362, 364, 369, 383], "excluded_lines": []}, "LMQLTranslationStrategy": {"executed_lines": [], "summary": {"covered_lines": 0, "num_statements": 20, "percent_covered": 0.0, "percent_covered_display": "0", "missing_lines": 20, "excluded_lines": 0}, "missing_lines": [394, 395, 396, 400, 401, 402, 403, 404, 405, 417, 418, 420, 421, 422, 423, 424, 430, 431, 432, 433], "excluded_lines": []}, "TranslationStrategyFactory": {"executed_lines": [], "summary": {"covered_lines": 0, "num_statements": 7, "percent_covered": 0.0, "percent_covered_display": "0", "missing_lines": 7, "excluded_lines": 0}, "missing_lines": [442, 447, 464, 465, 466, 467, 469], "excluded_lines": []}, "": {"executed_lines": [], "summary": {"covered_lines": 0, "num_statements": 50, "percent_covered": 0.0, "percent_covered_display": "0", "missing_lines": 50, "excluded_lines": 0}, "missing_lines": [11, 12, 13, 14, 15, 17, 19, 22, 24, 25, 28, 29, 31, 32, 33, 34, 35, 36, 39, 42, 43, 48, 58, 64, 84, 120, 157, 220, 251, 282, 289, 296, 303, 310, 317, 324, 331, 366, 386, 393, 398, 407, 426, 436, 439, 440, 444, 445, 449, 450], "excluded_lines": []}}}, "src/tau_translator_omega/vocabulary/domain_model.py": {"executed_lines": [], "summary": {"covered_lines": 0, "num_statements": 10, "percent_covered": 0.0, "percent_covered_display": "0", "missing_lines": 10, "excluded_lines": 2}, "missing_lines": [5, 7, 13, 15, 19, 28, 29, 30, 34, 35], "excluded_lines": [40, 41], "functions": {"EntityType.__init__": {"executed_lines": [], "summary": {"covered_lines": 0, "num_statements": 5, "percent_covered": 0.0, "percent_covered_display": "0", "missing_lines": 5, "excluded_lines": 0}, "missing_lines": [28, 29, 30, 34, 35], "excluded_lines": []}, "EntityType.__repr__": {"executed_lines": [], "summary": {"covered_lines": 0, "num_statements": 0, "percent_covered": 100.0, "percent_covered_display": "100", "missing_lines": 0, "excluded_lines": 1}, "missing_lines": [], "excluded_lines": [41]}, "": {"executed_lines": [], "summary": {"covered_lines": 0, "num_statements": 5, "percent_covered": 0.0, "percent_covered_display": "0", "missing_lines": 5, "excluded_lines": 1}, "missing_lines": [5, 7, 13, 15, 19], "excluded_lines": [40]}}, "classes": {"FieldDefinition": {"executed_lines": [], "summary": {"covered_lines": 0, "num_statements": 0, "percent_covered": 100.0, "percent_covered_display": "100", "missing_lines": 0, "excluded_lines": 0}, "missing_lines": [], "excluded_lines": []}, "EntityType": {"executed_lines": [], "summary": {"covered_lines": 0, "num_statements": 5, "percent_covered": 0.0, "percent_covered_display": "0", "missing_lines": 5, "excluded_lines": 1}, "missing_lines": [28, 29, 30, 34, 35], "excluded_lines": [41]}, "": {"executed_lines": [], "summary": {"covered_lines": 0, "num_statements": 5, "percent_covered": 0.0, "percent_covered_display": "0", "missing_lines": 5, "excluded_lines": 1}, "missing_lines": [5, 7, 13, 15, 19], "excluded_lines": [40]}}}, "src/tau_translator_omega/vocabulary/exceptions.py": {"executed_lines": [], "summary": {"covered_lines": 0, "num_statements": 6, "percent_covered": 0.0, "percent_covered_display": "0", "missing_lines": 6, "excluded_lines": 0}, "missing_lines": [3, 5, 7, 9, 11, 13], "excluded_lines": [], "functions": {"": {"executed_lines": [], "summary": {"covered_lines": 0, "num_statements": 6, "percent_covered": 0.0, "percent_covered_display": "0", "missing_lines": 6, "excluded_lines": 0}, "missing_lines": [3, 5, 7, 9, 11, 13], "excluded_lines": []}}, "classes": {"VocabularyError": {"executed_lines": [], "summary": {"covered_lines": 0, "num_statements": 0, "percent_covered": 100.0, "percent_covered_display": "100", "missing_lines": 0, "excluded_lines": 0}, "missing_lines": [], "excluded_lines": []}, "EntityTypeNotFoundError": {"executed_lines": [], "summary": {"covered_lines": 0, "num_statements": 0, "percent_covered": 100.0, "percent_covered_display": "100", "missing_lines": 0, "excluded_lines": 0}, "missing_lines": [], "excluded_lines": []}, "FieldNotFoundError": {"executed_lines": [], "summary": {"covered_lines": 0, "num_statements": 0, "percent_covered": 100.0, "percent_covered_display": "100", "missing_lines": 0, "excluded_lines": 0}, "missing_lines": [], "excluded_lines": []}, "": {"executed_lines": [], "summary": {"covered_lines": 0, "num_statements": 6, "percent_covered": 0.0, "percent_covered_display": "0", "missing_lines": 6, "excluded_lines": 0}, "missing_lines": [3, 5, 7, 9, 11, 13], "excluded_lines": []}}}, "src/tau_translator_omega/web_interface/app.py": {"executed_lines": [], "summary": {"covered_lines": 0, "num_statements": 35, "percent_covered": 0.0, "percent_covered_display": "0", "missing_lines": 35, "excluded_lines": 5}, "missing_lines": [9, 10, 11, 12, 15, 17, 22, 23, 26, 28, 29, 31, 34, 35, 37, 38, 40, 41, 43, 44, 50, 51, 52, 53, 55, 60, 69, 70, 75, 76, 78, 101, 106, 107, 109], "excluded_lines": [115, 116, 117, 118, 120], "functions": {"index": {"executed_lines": [], "summary": {"covered_lines": 0, "num_statements": 1, "percent_covered": 0.0, "percent_covered_display": "0", "missing_lines": 1, "excluded_lines": 0}, "missing_lines": [31], "excluded_lines": []}, "translate": {"executed_lines": [], "summary": {"covered_lines": 0, "num_statements": 14, "percent_covered": 0.0, "percent_covered_display": "0", "missing_lines": 14, "excluded_lines": 0}, "missing_lines": [37, 38, 40, 41, 43, 44, 50, 51, 52, 53, 55, 60, 69, 70], "excluded_lines": []}, "examples": {"executed_lines": [], "summary": {"covered_lines": 0, "num_statements": 2, "percent_covered": 0.0, "percent_covered_display": "0", "missing_lines": 2, "excluded_lines": 0}, "missing_lines": [78, 101], "excluded_lines": []}, "health": {"executed_lines": [], "summary": {"covered_lines": 0, "num_statements": 1, "percent_covered": 0.0, "percent_covered_display": "0", "missing_lines": 1, "excluded_lines": 0}, "missing_lines": [109], "excluded_lines": []}, "": {"executed_lines": [], "summary": {"covered_lines": 0, "num_statements": 17, "percent_covered": 0.0, "percent_covered_display": "0", "missing_lines": 17, "excluded_lines": 5}, "missing_lines": [9, 10, 11, 12, 15, 17, 22, 23, 26, 28, 29, 34, 35, 75, 76, 106, 107], "excluded_lines": [115, 116, 117, 118, 120]}}, "classes": {"": {"executed_lines": [], "summary": {"covered_lines": 0, "num_statements": 35, "percent_covered": 0.0, "percent_covered_display": "0", "missing_lines": 35, "excluded_lines": 5}, "missing_lines": [9, 10, 11, 12, 15, 17, 22, 23, 26, 28, 29, 31, 34, 35, 37, 38, 40, 41, 43, 44, 50, 51, 52, 53, 55, 60, 69, 70, 75, 76, 78, 101, 106, 107, 109], "excluded_lines": [115, 116, 117, 118, 120]}}}}, "totals": {"covered_lines": 472, "num_statements": 7794, "percent_covered": 6.055940467025917, "percent_covered_display": "6", "missing_lines": 7322, "excluded_lines": 182}}